{
  message: 'Database Connected Successfully ',
  level: 'info',
  service: 'user-service',
  label: 'PH',
  timestamp: '2023-06-24T07:14:55.388Z'
}
{
  message: 'Application listening on port 5000',
  level: 'info',
  service: 'user-service',
  label: 'PH',
  timestamp: '2023-06-24T07:14:55.394Z'
}
{
  message: 'Database Connected Successfully ',
  level: 'info',
  service: 'user-service',
  label: 'PH',
  timestamp: '2023-06-24T07:26:58.984Z'
}
{
  message: 'Application listening on port 5000',
  level: 'info',
  service: 'user-service',
  label: 'PH',
  timestamp: '2023-06-24T07:26:58.990Z'
}
{
  message: 'Database Connected Successfully ',
  level: 'info',
  service: 'user-service',
  label: 'PH',
  timestamp: '2023-06-24T07:34:43.377Z'
}
{
  message: 'Application listening on port 5000',
  level: 'info',
  service: 'user-service',
  label: 'PH',
  timestamp: '2023-06-24T07:34:43.383Z'
}
{
  message: 'Database Connected Successfully ',
  level: 'info',
  service: 'user-service',
  label: 'PH',
  timestamp: '2023-06-24T07:35:38.650Z'
}
{
  message: 'Application listening on port 5000',
  level: 'info',
  service: 'user-service',
  label: 'PH',
  timestamp: '2023-06-24T07:35:38.657Z'
}
{
  message: 'Database Connected Successfully ',
  level: 'info',
  service: 'user-service',
  label: 'PH',
  timestamp: '2023-06-24T07:41:52.523Z'
}
{
  message: 'Application listening on port 5000',
  level: 'info',
  service: 'user-service',
  label: 'PH',
  timestamp: '2023-06-24T07:41:52.529Z'
}
{
  message: 'Database Connected Successfully ',
  level: 'info',
  service: 'user-service',
  label: 'PH',
  timestamp: '2023-06-24T07:42:30.960Z'
}
{
  message: 'Application listening on port 5000',
  level: 'info',
  service: 'user-service',
  label: 'PH',
  timestamp: '2023-06-24T07:42:30.966Z'
}
{
  message: 'Database Connected Successfully ',
  level: 'info',
  service: 'user-service',
  label: 'PH',
  timestamp: '2023-06-24T07:50:44.241Z'
}
{
  message: 'Application listening on port 5000',
  level: 'info',
  service: 'user-service',
  label: 'PH',
  timestamp: '2023-06-24T07:50:44.248Z'
}
{
  message: 'Database Connected Successfully ',
  level: 'info',
  service: 'user-service',
  label: 'PH',
  timestamp: '2023-06-24T07:52:38.578Z'
}
{
  message: 'Application listening on port 5000',
  level: 'info',
  service: 'user-service',
  label: 'PH',
  timestamp: '2023-06-24T07:52:38.585Z'
}
{
  message: 'Database Connected Successfully ',
  level: 'info',
  service: 'user-service',
  label: 'PH',
  timestamp: '2023-06-24T07:56:14.513Z'
}
{
  message: 'Application listening on port 5000',
  level: 'info',
  service: 'user-service',
  label: 'PH',
  timestamp: '2023-06-24T07:56:14.521Z'
}
{
  message: 'Database Connected Successfully ',
  level: 'info',
  service: 'user-service',
  label: 'PH',
  timestamp: '2023-06-24T07:58:16.329Z'
}
{
  message: 'Application listening on port 5000',
  level: 'info',
  service: 'user-service',
  label: 'PH',
  timestamp: '2023-06-24T07:58:16.336Z'
}
{
  message: 'Database Connected Successfully ',
  level: 'info',
  service: 'user-service',
  label: 'PH',
  timestamp: '2023-06-24T07:58:46.646Z'
}
{
  message: 'Application listening on port 5000',
  level: 'info',
  service: 'user-service',
  label: 'PH',
  timestamp: '2023-06-24T07:58:46.653Z'
}
{
  message: 'Database Connected Successfully ',
  level: 'info',
  service: 'user-service',
  label: 'PH',
  timestamp: '2023-06-24T07:59:55.433Z'
}
{
  message: 'Application listening on port 5000',
  level: 'info',
  service: 'user-service',
  label: 'PH',
  timestamp: '2023-06-24T07:59:55.439Z'
}
