{
  message: {
    ALLUSERSPROFILE: 'C:\\ProgramData',
    ANDROID_HOME: 'D:\\ANDROID',
    ANDROID_PITOOLS: 'D:\\ANDROID_PITOOLS',
    ANDROIID_TOOLS: 'D:\\ANDROIID_TOOLS',
    APPDATA: 'C:\\Users\\Shahrear Mahmud\\AppData\\Roaming',
    ChocolateyInstall: 'C:\\ProgramData\\chocolatey',
    ChocolateyLastPathUpdate: '133095342934707808',
    CHROME_CRASHPAD_PIPE_NAME: '\\\\.\\pipe\\LOCAL\\crashpad_8372_WUGBBYQSWCZSBZXC',
    COLORTERM: 'truecolor',
    CommonProgramFiles: 'C:\\Program Files\\Common Files',
    'CommonProgramFiles(x86)': 'C:\\Program Files (x86)\\Common Files',
    CommonProgramW6432: 'C:\\Program Files\\Common Files',
    COMPUTERNAME: 'SHAHREAR-MAHMUD',
    ComSpec: 'C:\\WINDOWS\\system32\\cmd.exe',
    DATABASE_URL: 'mongodb+srv://university-admin:Voh6DbNdOeTiYaiG@cluster0.p0ues8q.mongodb.net/university-management?retryWrites=true&w=majority',
    DEFAULT_USER_PASS: 'university123!@',
    DriverData: 'C:\\Windows\\System32\\Drivers\\DriverData',
    EFC_6564: '1',
    GIT_ASKPASS: 'c:\\Users\\Shahrear Mahmud\\AppData\\Local\\Programs\\Microsoft VS Code\\resources\\app\\extensions\\git\\dist\\askpass.sh',
    HOMEDRIVE: 'C:',
    HOMEPATH: '\\Users\\Shahrear Mahmud',
    INIT_CWD: 'D:\\Next_Level_Web 2.0\\university-management-auth-service',
    JAVA_HOME: 'C:\\Program Files\\Java\\jdk-19',
    LANG: 'en_US.UTF-8',
    LOCALAPPDATA: 'C:\\Users\\Shahrear Mahmud\\AppData\\Local',
    LOGONSERVER: '\\\\SHAHREAR-MAHMUD',
    NODE: 'C:\\Program Files\\nodejs\\node.exe',
    NODE_ENV: 'development',
    npm_config_argv: '{"remain":[],"cooked":["run","start"],"original":["start"]}',
    npm_config_bin_links: 'true',
    npm_config_ignore_optional: '',
    npm_config_ignore_scripts: '',
    npm_config_init_license: 'MIT',
    npm_config_init_version: '1.0.0',
    npm_config_registry: 'https://registry.yarnpkg.com',
    npm_config_save_prefix: '^',
    npm_config_strict_ssl: 'true',
    npm_config_user_agent: 'yarn/1.22.19 npm/? node/v19.8.1 win32 x64',
    npm_config_version_commit_hooks: 'true',
    npm_config_version_git_message: 'v%s',
    npm_config_version_git_sign: '',
    npm_config_version_git_tag: 'true',
    npm_config_version_tag_prefix: 'v',
    npm_execpath: 'C:\\Users\\Shahrear Mahmud\\AppData\\Roaming\\nvm\\v19.8.1\\node_modules\\yarn\\bin\\yarn.js',
    npm_lifecycle_event: 'start',
    npm_lifecycle_script: 'ts-node-dev --respawn --transpile-only src/server.ts',
    npm_node_execpath: 'C:\\Program Files\\nodejs\\node.exe',
    npm_package_author_name: 'Shahrear Mahmud',
    npm_package_dependencies_cors: '^2.8.5',
    npm_package_dependencies_dotenv: '^16.1.4',
    npm_package_dependencies_eslint: '^8.42.0',
    npm_package_dependencies_express: '^4.18.2',
    npm_package_dependencies_mongoose: '^7.2.3',
    npm_package_dependencies_winston: '^3.9.0',
    npm_package_dependencies_winston_daily_rotate_file: '^4.7.1',
    npm_package_dependencies__typescript_eslint_parser: '^5.59.9',
    npm_package_description: '',
    npm_package_devDependencies_eslint_config_prettier: '^8.8.0',
    npm_package_devDependencies_husky: '^8.0.3',
    npm_package_devDependencies_lint_staged: '^13.2.2',
    npm_package_devDependencies_nodemon: '^2.0.22',
    npm_package_devDependencies_prettier: '^2.8.8',
    npm_package_devDependencies_ts_node: '^10.9.1',
    npm_package_devDependencies_ts_node_dev: '^2.0.0',
    npm_package_devDependencies_typescript: '^5.1.3',
    npm_package_devDependencies__typescript_eslint_eslint_plugin: '^5.59.9',
    npm_package_devDependencies__types_cors: '^2.8.13',
    npm_package_devDependencies__types_express: '^4.17.17',
    npm_package_devDependencies__types_node: '^20.2.6',
    npm_package_license: 'ISC',
    npm_package_lint_staged_src______ts: 'yarn lint-prettier',
    npm_package_main: 'src/server.ts',
    npm_package_name: 'university-management-auth-service',
    npm_package_scripts_lint_check: 'eslint --ignore-path .eslintignore --ext .js,.ts .',
    npm_package_scripts_lint_fix: 'eslint . --fix',
    npm_package_scripts_lint_prettier: 'yarn lint:check && yarn prettier:check',
    npm_package_scripts_prettier_check: 'prettier --ignore-path .gitignore --write "**/*.+(js|ts|json)"',
    npm_package_scripts_prettier_fix: 'prettier --write .',
    npm_package_scripts_start: 'ts-node-dev --respawn --transpile-only src/server.ts',
    npm_package_scripts_test: 'echo "Error: no test specified" && exit 1',
    npm_package_version: '1.0.0',
    NUMBER_OF_PROCESSORS: '12',
    NVM_HOME: 'C:\\Users\\Shahrear Mahmud\\AppData\\Roaming\\nvm',
    NVM_SYMLINK: 'C:\\Program Files\\nodejs',
    OneDrive: 'C:\\Users\\Shahrear Mahmud\\OneDrive',
    ORIGINAL_XDG_CURRENT_DESKTOP: 'undefined',
    OS: 'Windows_NT',
    Path: 'C:\\Users\\SHAHRE~1\\AppData\\Local\\Temp\\yarn--1686444693409-0.3491548441462424;D:\\Next_Level_Web 2.0\\university-management-auth-service\\node_modules\\.bin;C:\\Users\\Shahrear Mahmud\\AppData\\Local\\Yarn\\Data\\link\\node_modules\\.bin;C:\\Users\\Shahrear Mahmud\\AppData\\Local\\Yarn\\bin;C:\\Program Files\\libexec\\lib\\node_modules\\npm\\bin\\node-gyp-bin;C:\\Program Files\\lib\\node_modules\\npm\\bin\\node-gyp-bin;C:\\Program Files\\nodejs\\node_modules\\npm\\bin\\node-gyp-bin;C:\\Program Files\\Common Files\\Oracle\\Java\\javapath;C:\\Program Files\\Eclipse Adoptium\\jdk-11.0.16.101-hotspot\\bin;C:\\Windows\\system32;C:\\Windows;C:\\Windows\\System32\\Wbem;C:\\Windows\\System32\\WindowsPowerShell\\v1.0\\;C:\\Windows\\System32\\OpenSSH\\;C:\\Program Files\\Git\\cmd;C:\\Program Files (x86)\\NVIDIA Corporation\\PhysX\\Common;C:\\Program Files\\NVIDIA Corporation\\NVIDIA NvDLISR;C:\\ProgramData\\chocolatey\\bin;C:\\WINDOWS\\system32;C:\\WINDOWS;C:\\WINDOWS\\System32\\Wbem;C:\\WINDOWS\\System32\\WindowsPowerShell\\v1.0\\;C:\\WINDOWS\\System32\\OpenSSH\\;C:\\Program Files\\Java\\jdk-19\\bin;C:\\Program Files\\Java\\jdk-19\\bin;C:\\Program Files\\Common Files\\Oracle\\Java\\javapath;%NVM_HOME%;%NVM_SYMLINK%;C:\\Users\\Shahrear Mahmud\\AppData\\Local\\Programs\\Python\\Python310\\Scripts\\;C:\\Users\\Shahrear Mahmud\\AppData\\Local\\Programs\\Python\\Python310\\;C:\\Users\\Shahrear Mahmud\\AppData\\Local\\Microsoft\\WindowsApps;C:\\Users\\Shahrear Mahmud\\AppData\\Local\\Programs\\Microsoft VS Code\\bin;C:\\Users\\Shahrear Mahmud\\AppData\\Roaming\\npm;C:\\Users\\Shahrear Mahmud\\AppData\\Roaming\\nvm;C:\\Program Files\\nodejs',
    PATHEXT: '.COM;.EXE;.BAT;.CMD;.VBS;.VBE;.JS;.JSE;.WSF;.WSH;.MSC;.CPL',
    PORT: '5000',
    PROCESSOR_ARCHITECTURE: 'AMD64',
    PROCESSOR_IDENTIFIER: 'AMD64 Family 25 Model 33 Stepping 2, AuthenticAMD',
    PROCESSOR_LEVEL: '25',
    PROCESSOR_REVISION: '2102',
    ProgramData: 'C:\\ProgramData',
    ProgramFiles: 'C:\\Program Files',
    'ProgramFiles(x86)': 'C:\\Program Files (x86)',
    ProgramW6432: 'C:\\Program Files',
    PROMPT: '$P$G',
    PSModulePath: 'C:\\Users\\Shahrear Mahmud\\Documents\\WindowsPowerShell\\Modules;C:\\Program Files\\WindowsPowerShell\\Modules;C:\\WINDOWS\\system32\\WindowsPowerShell\\v1.0\\Modules',
    PT8HOME: 'E:\\Cisco Packet Tracer 8.2.0',
    PUBLIC: 'C:\\Users\\Public',
    SESSIONNAME: 'Console',
    SystemDrive: 'C:',
    SystemRoot: 'C:\\WINDOWS',
    TEMP: 'C:\\Users\\SHAHRE~1\\AppData\\Local\\Temp',
    TERM_PROGRAM: 'vscode',
    TERM_PROGRAM_VERSION: '1.79.0',
    TMP: 'C:\\Users\\SHAHRE~1\\AppData\\Local\\Temp',
    TS_NODE_DEV: 'true',
    USERDOMAIN: 'SHAHREAR-MAHMUD',
    USERDOMAIN_ROAMINGPROFILE: 'SHAHREAR-MAHMUD',
    USERNAME: 'Shahrear Mahmud',
    USERPROFILE: 'C:\\Users\\Shahrear Mahmud',
    VSCODE_GIT_ASKPASS_EXTRA_ARGS: '--ms-enable-electron-run-as-node',
    VSCODE_GIT_ASKPASS_MAIN: 'c:\\Users\\Shahrear Mahmud\\AppData\\Local\\Programs\\Microsoft VS Code\\resources\\app\\extensions\\git\\dist\\askpass-main.js',
    VSCODE_GIT_ASKPASS_NODE: 'C:\\Users\\Shahrear Mahmud\\AppData\\Local\\Programs\\Microsoft VS Code\\Code.exe',
    VSCODE_GIT_IPC_HANDLE: '\\\\.\\pipe\\vscode-git-04ba315e50-sock',
    VSCODE_INJECTION: '1',
    windir: 'C:\\WINDOWS',
    YARN_WRAP_OUTPUT: 'false'
  },
  level: 'info',
  service: 'user-service',
  label: 'PH',
  timestamp: '2023-06-11T02:01:40.776Z'
}
{
  message: 'Database Connected Successfully ',
  level: 'info',
  service: 'user-service',
  label: 'PH',
  timestamp: '2023-06-11T02:01:42.328Z'
}
{
  message: 'Application listening on port 5000',
  level: 'info',
  service: 'user-service',
  label: 'PH',
  timestamp: '2023-06-11T02:01:42.333Z'
}
{
  message: {
    ALLUSERSPROFILE: 'C:\\ProgramData',
    ANDROID_HOME: 'D:\\ANDROID',
    ANDROID_PITOOLS: 'D:\\ANDROID_PITOOLS',
    ANDROIID_TOOLS: 'D:\\ANDROIID_TOOLS',
    APPDATA: 'C:\\Users\\Shahrear Mahmud\\AppData\\Roaming',
    ChocolateyInstall: 'C:\\ProgramData\\chocolatey',
    ChocolateyLastPathUpdate: '133095342934707808',
    CHROME_CRASHPAD_PIPE_NAME: '\\\\.\\pipe\\LOCAL\\crashpad_8372_WUGBBYQSWCZSBZXC',
    COLORTERM: 'truecolor',
    CommonProgramFiles: 'C:\\Program Files\\Common Files',
    'CommonProgramFiles(x86)': 'C:\\Program Files (x86)\\Common Files',
    CommonProgramW6432: 'C:\\Program Files\\Common Files',
    COMPUTERNAME: 'SHAHREAR-MAHMUD',
    ComSpec: 'C:\\WINDOWS\\system32\\cmd.exe',
    DATABASE_URL: 'mongodb+srv://university-admin:Voh6DbNdOeTiYaiG@cluster0.p0ues8q.mongodb.net/university-management?retryWrites=true&w=majority',
    DEFAULT_USER_PASS: 'university123!@',
    DriverData: 'C:\\Windows\\System32\\Drivers\\DriverData',
    EFC_6564: '1',
    GIT_ASKPASS: 'c:\\Users\\Shahrear Mahmud\\AppData\\Local\\Programs\\Microsoft VS Code\\resources\\app\\extensions\\git\\dist\\askpass.sh',
    HOMEDRIVE: 'C:',
    HOMEPATH: '\\Users\\Shahrear Mahmud',
    INIT_CWD: 'D:\\Next_Level_Web 2.0\\university-management-auth-service',
    JAVA_HOME: 'C:\\Program Files\\Java\\jdk-19',
    LANG: 'en_US.UTF-8',
    LOCALAPPDATA: 'C:\\Users\\Shahrear Mahmud\\AppData\\Local',
    LOGONSERVER: '\\\\SHAHREAR-MAHMUD',
    NODE: 'C:\\Program Files\\nodejs\\node.exe',
    NODE_ENV: 'production',
    npm_config_argv: '{"remain":[],"cooked":["run","start"],"original":["start"]}',
    npm_config_bin_links: 'true',
    npm_config_ignore_optional: '',
    npm_config_ignore_scripts: '',
    npm_config_init_license: 'MIT',
    npm_config_init_version: '1.0.0',
    npm_config_registry: 'https://registry.yarnpkg.com',
    npm_config_save_prefix: '^',
    npm_config_strict_ssl: 'true',
    npm_config_user_agent: 'yarn/1.22.19 npm/? node/v19.8.1 win32 x64',
    npm_config_version_commit_hooks: 'true',
    npm_config_version_git_message: 'v%s',
    npm_config_version_git_sign: '',
    npm_config_version_git_tag: 'true',
    npm_config_version_tag_prefix: 'v',
    npm_execpath: 'C:\\Users\\Shahrear Mahmud\\AppData\\Roaming\\nvm\\v19.8.1\\node_modules\\yarn\\bin\\yarn.js',
    npm_lifecycle_event: 'start',
    npm_lifecycle_script: 'ts-node-dev --respawn --transpile-only src/server.ts',
    npm_node_execpath: 'C:\\Program Files\\nodejs\\node.exe',
    npm_package_author_name: 'Shahrear Mahmud',
    npm_package_dependencies_cors: '^2.8.5',
    npm_package_dependencies_dotenv: '^16.1.4',
    npm_package_dependencies_eslint: '^8.42.0',
    npm_package_dependencies_express: '^4.18.2',
    npm_package_dependencies_mongoose: '^7.2.3',
    npm_package_dependencies_winston: '^3.9.0',
    npm_package_dependencies_winston_daily_rotate_file: '^4.7.1',
    npm_package_dependencies__typescript_eslint_parser: '^5.59.9',
    npm_package_description: '',
    npm_package_devDependencies_eslint_config_prettier: '^8.8.0',
    npm_package_devDependencies_husky: '^8.0.3',
    npm_package_devDependencies_lint_staged: '^13.2.2',
    npm_package_devDependencies_nodemon: '^2.0.22',
    npm_package_devDependencies_prettier: '^2.8.8',
    npm_package_devDependencies_ts_node: '^10.9.1',
    npm_package_devDependencies_ts_node_dev: '^2.0.0',
    npm_package_devDependencies_typescript: '^5.1.3',
    npm_package_devDependencies__typescript_eslint_eslint_plugin: '^5.59.9',
    npm_package_devDependencies__types_cors: '^2.8.13',
    npm_package_devDependencies__types_express: '^4.17.17',
    npm_package_devDependencies__types_node: '^20.2.6',
    npm_package_license: 'ISC',
    npm_package_lint_staged_src______ts: 'yarn lint-prettier',
    npm_package_main: 'src/server.ts',
    npm_package_name: 'university-management-auth-service',
    npm_package_scripts_lint_check: 'eslint --ignore-path .eslintignore --ext .js,.ts .',
    npm_package_scripts_lint_fix: 'eslint . --fix',
    npm_package_scripts_lint_prettier: 'yarn lint:check && yarn prettier:check',
    npm_package_scripts_prettier_check: 'prettier --ignore-path .gitignore --write "**/*.+(js|ts|json)"',
    npm_package_scripts_prettier_fix: 'prettier --write .',
    npm_package_scripts_start: 'ts-node-dev --respawn --transpile-only src/server.ts',
    npm_package_scripts_test: 'echo "Error: no test specified" && exit 1',
    npm_package_version: '1.0.0',
    NUMBER_OF_PROCESSORS: '12',
    NVM_HOME: 'C:\\Users\\Shahrear Mahmud\\AppData\\Roaming\\nvm',
    NVM_SYMLINK: 'C:\\Program Files\\nodejs',
    OneDrive: 'C:\\Users\\Shahrear Mahmud\\OneDrive',
    ORIGINAL_XDG_CURRENT_DESKTOP: 'undefined',
    OS: 'Windows_NT',
    Path: 'C:\\Users\\SHAHRE~1\\AppData\\Local\\Temp\\yarn--1686444693409-0.3491548441462424;D:\\Next_Level_Web 2.0\\university-management-auth-service\\node_modules\\.bin;C:\\Users\\Shahrear Mahmud\\AppData\\Local\\Yarn\\Data\\link\\node_modules\\.bin;C:\\Users\\Shahrear Mahmud\\AppData\\Local\\Yarn\\bin;C:\\Program Files\\libexec\\lib\\node_modules\\npm\\bin\\node-gyp-bin;C:\\Program Files\\lib\\node_modules\\npm\\bin\\node-gyp-bin;C:\\Program Files\\nodejs\\node_modules\\npm\\bin\\node-gyp-bin;C:\\Program Files\\Common Files\\Oracle\\Java\\javapath;C:\\Program Files\\Eclipse Adoptium\\jdk-11.0.16.101-hotspot\\bin;C:\\Windows\\system32;C:\\Windows;C:\\Windows\\System32\\Wbem;C:\\Windows\\System32\\WindowsPowerShell\\v1.0\\;C:\\Windows\\System32\\OpenSSH\\;C:\\Program Files\\Git\\cmd;C:\\Program Files (x86)\\NVIDIA Corporation\\PhysX\\Common;C:\\Program Files\\NVIDIA Corporation\\NVIDIA NvDLISR;C:\\ProgramData\\chocolatey\\bin;C:\\WINDOWS\\system32;C:\\WINDOWS;C:\\WINDOWS\\System32\\Wbem;C:\\WINDOWS\\System32\\WindowsPowerShell\\v1.0\\;C:\\WINDOWS\\System32\\OpenSSH\\;C:\\Program Files\\Java\\jdk-19\\bin;C:\\Program Files\\Java\\jdk-19\\bin;C:\\Program Files\\Common Files\\Oracle\\Java\\javapath;%NVM_HOME%;%NVM_SYMLINK%;C:\\Users\\Shahrear Mahmud\\AppData\\Local\\Programs\\Python\\Python310\\Scripts\\;C:\\Users\\Shahrear Mahmud\\AppData\\Local\\Programs\\Python\\Python310\\;C:\\Users\\Shahrear Mahmud\\AppData\\Local\\Microsoft\\WindowsApps;C:\\Users\\Shahrear Mahmud\\AppData\\Local\\Programs\\Microsoft VS Code\\bin;C:\\Users\\Shahrear Mahmud\\AppData\\Roaming\\npm;C:\\Users\\Shahrear Mahmud\\AppData\\Roaming\\nvm;C:\\Program Files\\nodejs',
    PATHEXT: '.COM;.EXE;.BAT;.CMD;.VBS;.VBE;.JS;.JSE;.WSF;.WSH;.MSC;.CPL',
    PORT: '5000',
    PROCESSOR_ARCHITECTURE: 'AMD64',
    PROCESSOR_IDENTIFIER: 'AMD64 Family 25 Model 33 Stepping 2, AuthenticAMD',
    PROCESSOR_LEVEL: '25',
    PROCESSOR_REVISION: '2102',
    ProgramData: 'C:\\ProgramData',
    ProgramFiles: 'C:\\Program Files',
    'ProgramFiles(x86)': 'C:\\Program Files (x86)',
    ProgramW6432: 'C:\\Program Files',
    PROMPT: '$P$G',
    PSModulePath: 'C:\\Users\\Shahrear Mahmud\\Documents\\WindowsPowerShell\\Modules;C:\\Program Files\\WindowsPowerShell\\Modules;C:\\WINDOWS\\system32\\WindowsPowerShell\\v1.0\\Modules',
    PT8HOME: 'E:\\Cisco Packet Tracer 8.2.0',
    PUBLIC: 'C:\\Users\\Public',
    SESSIONNAME: 'Console',
    SystemDrive: 'C:',
    SystemRoot: 'C:\\WINDOWS',
    TEMP: 'C:\\Users\\SHAHRE~1\\AppData\\Local\\Temp',
    TERM_PROGRAM: 'vscode',
    TERM_PROGRAM_VERSION: '1.79.0',
    TMP: 'C:\\Users\\SHAHRE~1\\AppData\\Local\\Temp',
    TS_NODE_DEV: 'true',
    USERDOMAIN: 'SHAHREAR-MAHMUD',
    USERDOMAIN_ROAMINGPROFILE: 'SHAHREAR-MAHMUD',
    USERNAME: 'Shahrear Mahmud',
    USERPROFILE: 'C:\\Users\\Shahrear Mahmud',
    VSCODE_GIT_ASKPASS_EXTRA_ARGS: '--ms-enable-electron-run-as-node',
    VSCODE_GIT_ASKPASS_MAIN: 'c:\\Users\\Shahrear Mahmud\\AppData\\Local\\Programs\\Microsoft VS Code\\resources\\app\\extensions\\git\\dist\\askpass-main.js',
    VSCODE_GIT_ASKPASS_NODE: 'C:\\Users\\Shahrear Mahmud\\AppData\\Local\\Programs\\Microsoft VS Code\\Code.exe',
    VSCODE_GIT_IPC_HANDLE: '\\\\.\\pipe\\vscode-git-04ba315e50-sock',
    VSCODE_INJECTION: '1',
    windir: 'C:\\WINDOWS',
    YARN_WRAP_OUTPUT: 'false'
  },
  level: 'info',
  service: 'user-service',
  label: 'PH',
  timestamp: '2023-06-11T02:07:32.730Z'
}
{
  message: 'Database Connected Successfully ',
  level: 'info',
  service: 'user-service',
  label: 'PH',
  timestamp: '2023-06-11T02:07:34.399Z'
}
{
  message: 'Application listening on port 5000',
  level: 'info',
  service: 'user-service',
  label: 'PH',
  timestamp: '2023-06-11T02:07:34.403Z'
}
{
  message: {
    ALLUSERSPROFILE: 'C:\\ProgramData',
    ANDROID_HOME: 'D:\\ANDROID',
    ANDROID_PITOOLS: 'D:\\ANDROID_PITOOLS',
    ANDROIID_TOOLS: 'D:\\ANDROIID_TOOLS',
    APPDATA: 'C:\\Users\\Shahrear Mahmud\\AppData\\Roaming',
    ChocolateyInstall: 'C:\\ProgramData\\chocolatey',
    ChocolateyLastPathUpdate: '133095342934707808',
    CHROME_CRASHPAD_PIPE_NAME: '\\\\.\\pipe\\LOCAL\\crashpad_8372_WUGBBYQSWCZSBZXC',
    COLORTERM: 'truecolor',
    CommonProgramFiles: 'C:\\Program Files\\Common Files',
    'CommonProgramFiles(x86)': 'C:\\Program Files (x86)\\Common Files',
    CommonProgramW6432: 'C:\\Program Files\\Common Files',
    COMPUTERNAME: 'SHAHREAR-MAHMUD',
    ComSpec: 'C:\\WINDOWS\\system32\\cmd.exe',
    DATABASE_URL: 'mongodb+srv://university-admin:Voh6DbNdOeTiYaiG@cluster0.p0ues8q.mongodb.net/university-management?retryWrites=true&w=majority',
    DEFAULT_USER_PASS: 'university123!@',
    DriverData: 'C:\\Windows\\System32\\Drivers\\DriverData',
    EFC_6564: '1',
    GIT_ASKPASS: 'c:\\Users\\Shahrear Mahmud\\AppData\\Local\\Programs\\Microsoft VS Code\\resources\\app\\extensions\\git\\dist\\askpass.sh',
    HOMEDRIVE: 'C:',
    HOMEPATH: '\\Users\\Shahrear Mahmud',
    INIT_CWD: 'D:\\Next_Level_Web 2.0\\university-management-auth-service',
    JAVA_HOME: 'C:\\Program Files\\Java\\jdk-19',
    LANG: 'en_US.UTF-8',
    LOCALAPPDATA: 'C:\\Users\\Shahrear Mahmud\\AppData\\Local',
    LOGONSERVER: '\\\\SHAHREAR-MAHMUD',
    NODE: 'C:\\Program Files\\nodejs\\node.exe',
    NODE_ENV: 'production',
    npm_config_argv: '{"remain":[],"cooked":["run","start"],"original":["start"]}',
    npm_config_bin_links: 'true',
    npm_config_ignore_optional: '',
    npm_config_ignore_scripts: '',
    npm_config_init_license: 'MIT',
    npm_config_init_version: '1.0.0',
    npm_config_registry: 'https://registry.yarnpkg.com',
    npm_config_save_prefix: '^',
    npm_config_strict_ssl: 'true',
    npm_config_user_agent: 'yarn/1.22.19 npm/? node/v19.8.1 win32 x64',
    npm_config_version_commit_hooks: 'true',
    npm_config_version_git_message: 'v%s',
    npm_config_version_git_sign: '',
    npm_config_version_git_tag: 'true',
    npm_config_version_tag_prefix: 'v',
    npm_execpath: 'C:\\Users\\Shahrear Mahmud\\AppData\\Roaming\\nvm\\v19.8.1\\node_modules\\yarn\\bin\\yarn.js',
    npm_lifecycle_event: 'start',
    npm_lifecycle_script: 'ts-node-dev --respawn --transpile-only src/server.ts',
    npm_node_execpath: 'C:\\Program Files\\nodejs\\node.exe',
    npm_package_author_name: 'Shahrear Mahmud',
    npm_package_dependencies_cors: '^2.8.5',
    npm_package_dependencies_dotenv: '^16.1.4',
    npm_package_dependencies_eslint: '^8.42.0',
    npm_package_dependencies_express: '^4.18.2',
    npm_package_dependencies_mongoose: '^7.2.3',
    npm_package_dependencies_winston: '^3.9.0',
    npm_package_dependencies_winston_daily_rotate_file: '^4.7.1',
    npm_package_dependencies__typescript_eslint_parser: '^5.59.9',
    npm_package_description: '',
    npm_package_devDependencies_eslint_config_prettier: '^8.8.0',
    npm_package_devDependencies_husky: '^8.0.3',
    npm_package_devDependencies_lint_staged: '^13.2.2',
    npm_package_devDependencies_nodemon: '^2.0.22',
    npm_package_devDependencies_prettier: '^2.8.8',
    npm_package_devDependencies_ts_node: '^10.9.1',
    npm_package_devDependencies_ts_node_dev: '^2.0.0',
    npm_package_devDependencies_typescript: '^5.1.3',
    npm_package_devDependencies__typescript_eslint_eslint_plugin: '^5.59.9',
    npm_package_devDependencies__types_cors: '^2.8.13',
    npm_package_devDependencies__types_express: '^4.17.17',
    npm_package_devDependencies__types_node: '^20.2.6',
    npm_package_license: 'ISC',
    npm_package_lint_staged_src______ts: 'yarn lint-prettier',
    npm_package_main: 'src/server.ts',
    npm_package_name: 'university-management-auth-service',
    npm_package_scripts_lint_check: 'eslint --ignore-path .eslintignore --ext .js,.ts .',
    npm_package_scripts_lint_fix: 'eslint . --fix',
    npm_package_scripts_lint_prettier: 'yarn lint:check && yarn prettier:check',
    npm_package_scripts_prettier_check: 'prettier --ignore-path .gitignore --write "**/*.+(js|ts|json)"',
    npm_package_scripts_prettier_fix: 'prettier --write .',
    npm_package_scripts_start: 'ts-node-dev --respawn --transpile-only src/server.ts',
    npm_package_scripts_test: 'echo "Error: no test specified" && exit 1',
    npm_package_version: '1.0.0',
    NUMBER_OF_PROCESSORS: '12',
    NVM_HOME: 'C:\\Users\\Shahrear Mahmud\\AppData\\Roaming\\nvm',
    NVM_SYMLINK: 'C:\\Program Files\\nodejs',
    OneDrive: 'C:\\Users\\Shahrear Mahmud\\OneDrive',
    ORIGINAL_XDG_CURRENT_DESKTOP: 'undefined',
    OS: 'Windows_NT',
    Path: 'C:\\Users\\SHAHRE~1\\AppData\\Local\\Temp\\yarn--1686444693409-0.3491548441462424;D:\\Next_Level_Web 2.0\\university-management-auth-service\\node_modules\\.bin;C:\\Users\\Shahrear Mahmud\\AppData\\Local\\Yarn\\Data\\link\\node_modules\\.bin;C:\\Users\\Shahrear Mahmud\\AppData\\Local\\Yarn\\bin;C:\\Program Files\\libexec\\lib\\node_modules\\npm\\bin\\node-gyp-bin;C:\\Program Files\\lib\\node_modules\\npm\\bin\\node-gyp-bin;C:\\Program Files\\nodejs\\node_modules\\npm\\bin\\node-gyp-bin;C:\\Program Files\\Common Files\\Oracle\\Java\\javapath;C:\\Program Files\\Eclipse Adoptium\\jdk-11.0.16.101-hotspot\\bin;C:\\Windows\\system32;C:\\Windows;C:\\Windows\\System32\\Wbem;C:\\Windows\\System32\\WindowsPowerShell\\v1.0\\;C:\\Windows\\System32\\OpenSSH\\;C:\\Program Files\\Git\\cmd;C:\\Program Files (x86)\\NVIDIA Corporation\\PhysX\\Common;C:\\Program Files\\NVIDIA Corporation\\NVIDIA NvDLISR;C:\\ProgramData\\chocolatey\\bin;C:\\WINDOWS\\system32;C:\\WINDOWS;C:\\WINDOWS\\System32\\Wbem;C:\\WINDOWS\\System32\\WindowsPowerShell\\v1.0\\;C:\\WINDOWS\\System32\\OpenSSH\\;C:\\Program Files\\Java\\jdk-19\\bin;C:\\Program Files\\Java\\jdk-19\\bin;C:\\Program Files\\Common Files\\Oracle\\Java\\javapath;%NVM_HOME%;%NVM_SYMLINK%;C:\\Users\\Shahrear Mahmud\\AppData\\Local\\Programs\\Python\\Python310\\Scripts\\;C:\\Users\\Shahrear Mahmud\\AppData\\Local\\Programs\\Python\\Python310\\;C:\\Users\\Shahrear Mahmud\\AppData\\Local\\Microsoft\\WindowsApps;C:\\Users\\Shahrear Mahmud\\AppData\\Local\\Programs\\Microsoft VS Code\\bin;C:\\Users\\Shahrear Mahmud\\AppData\\Roaming\\npm;C:\\Users\\Shahrear Mahmud\\AppData\\Roaming\\nvm;C:\\Program Files\\nodejs',
    PATHEXT: '.COM;.EXE;.BAT;.CMD;.VBS;.VBE;.JS;.JSE;.WSF;.WSH;.MSC;.CPL',
    PORT: '5000',
    PROCESSOR_ARCHITECTURE: 'AMD64',
    PROCESSOR_IDENTIFIER: 'AMD64 Family 25 Model 33 Stepping 2, AuthenticAMD',
    PROCESSOR_LEVEL: '25',
    PROCESSOR_REVISION: '2102',
    ProgramData: 'C:\\ProgramData',
    ProgramFiles: 'C:\\Program Files',
    'ProgramFiles(x86)': 'C:\\Program Files (x86)',
    ProgramW6432: 'C:\\Program Files',
    PROMPT: '$P$G',
    PSModulePath: 'C:\\Users\\Shahrear Mahmud\\Documents\\WindowsPowerShell\\Modules;C:\\Program Files\\WindowsPowerShell\\Modules;C:\\WINDOWS\\system32\\WindowsPowerShell\\v1.0\\Modules',
    PT8HOME: 'E:\\Cisco Packet Tracer 8.2.0',
    PUBLIC: 'C:\\Users\\Public',
    SESSIONNAME: 'Console',
    SystemDrive: 'C:',
    SystemRoot: 'C:\\WINDOWS',
    TEMP: 'C:\\Users\\SHAHRE~1\\AppData\\Local\\Temp',
    TERM_PROGRAM: 'vscode',
    TERM_PROGRAM_VERSION: '1.79.0',
    TMP: 'C:\\Users\\SHAHRE~1\\AppData\\Local\\Temp',
    TS_NODE_DEV: 'true',
    USERDOMAIN: 'SHAHREAR-MAHMUD',
    USERDOMAIN_ROAMINGPROFILE: 'SHAHREAR-MAHMUD',
    USERNAME: 'Shahrear Mahmud',
    USERPROFILE: 'C:\\Users\\Shahrear Mahmud',
    VSCODE_GIT_ASKPASS_EXTRA_ARGS: '--ms-enable-electron-run-as-node',
    VSCODE_GIT_ASKPASS_MAIN: 'c:\\Users\\Shahrear Mahmud\\AppData\\Local\\Programs\\Microsoft VS Code\\resources\\app\\extensions\\git\\dist\\askpass-main.js',
    VSCODE_GIT_ASKPASS_NODE: 'C:\\Users\\Shahrear Mahmud\\AppData\\Local\\Programs\\Microsoft VS Code\\Code.exe',
    VSCODE_GIT_IPC_HANDLE: '\\\\.\\pipe\\vscode-git-04ba315e50-sock',
    VSCODE_INJECTION: '1',
    windir: 'C:\\WINDOWS',
    YARN_WRAP_OUTPUT: 'false'
  },
  level: 'info',
  service: 'user-service',
  label: 'PH',
  timestamp: '2023-06-11T02:10:51.852Z'
}
{
  message: 'Database Connected Successfully ',
  level: 'info',
  service: 'user-service',
  label: 'PH',
  timestamp: '2023-06-11T02:10:53.997Z'
}
{
  message: 'Application listening on port 5000',
  level: 'info',
  service: 'user-service',
  label: 'PH',
  timestamp: '2023-06-11T02:10:54.001Z'
}
{
  message: {
    ALLUSERSPROFILE: 'C:\\ProgramData',
    ANDROID_HOME: 'D:\\ANDROID',
    ANDROID_PITOOLS: 'D:\\ANDROID_PITOOLS',
    ANDROIID_TOOLS: 'D:\\ANDROIID_TOOLS',
    APPDATA: 'C:\\Users\\Shahrear Mahmud\\AppData\\Roaming',
    ChocolateyInstall: 'C:\\ProgramData\\chocolatey',
    ChocolateyLastPathUpdate: '133095342934707808',
    CHROME_CRASHPAD_PIPE_NAME: '\\\\.\\pipe\\LOCAL\\crashpad_8372_WUGBBYQSWCZSBZXC',
    COLORTERM: 'truecolor',
    CommonProgramFiles: 'C:\\Program Files\\Common Files',
    'CommonProgramFiles(x86)': 'C:\\Program Files (x86)\\Common Files',
    CommonProgramW6432: 'C:\\Program Files\\Common Files',
    COMPUTERNAME: 'SHAHREAR-MAHMUD',
    ComSpec: 'C:\\WINDOWS\\system32\\cmd.exe',
    DATABASE_URL: 'mongodb+srv://university-admin:Voh6DbNdOeTiYaiG@cluster0.p0ues8q.mongodb.net/university-management?retryWrites=true&w=majority',
    DEFAULT_USER_PASS: 'university123!@',
    DriverData: 'C:\\Windows\\System32\\Drivers\\DriverData',
    EFC_6564: '1',
    GIT_ASKPASS: 'c:\\Users\\Shahrear Mahmud\\AppData\\Local\\Programs\\Microsoft VS Code\\resources\\app\\extensions\\git\\dist\\askpass.sh',
    HOMEDRIVE: 'C:',
    HOMEPATH: '\\Users\\Shahrear Mahmud',
    INIT_CWD: 'D:\\Next_Level_Web 2.0\\university-management-auth-service',
    JAVA_HOME: 'C:\\Program Files\\Java\\jdk-19',
    LANG: 'en_US.UTF-8',
    LOCALAPPDATA: 'C:\\Users\\Shahrear Mahmud\\AppData\\Local',
    LOGONSERVER: '\\\\SHAHREAR-MAHMUD',
    NODE: 'C:\\Program Files\\nodejs\\node.exe',
    NODE_ENV: 'production',
    npm_config_argv: '{"remain":[],"cooked":["run","start"],"original":["start"]}',
    npm_config_bin_links: 'true',
    npm_config_ignore_optional: '',
    npm_config_ignore_scripts: '',
    npm_config_init_license: 'MIT',
    npm_config_init_version: '1.0.0',
    npm_config_registry: 'https://registry.yarnpkg.com',
    npm_config_save_prefix: '^',
    npm_config_strict_ssl: 'true',
    npm_config_user_agent: 'yarn/1.22.19 npm/? node/v19.8.1 win32 x64',
    npm_config_version_commit_hooks: 'true',
    npm_config_version_git_message: 'v%s',
    npm_config_version_git_sign: '',
    npm_config_version_git_tag: 'true',
    npm_config_version_tag_prefix: 'v',
    npm_execpath: 'C:\\Users\\Shahrear Mahmud\\AppData\\Roaming\\nvm\\v19.8.1\\node_modules\\yarn\\bin\\yarn.js',
    npm_lifecycle_event: 'start',
    npm_lifecycle_script: 'ts-node-dev --respawn --transpile-only src/server.ts',
    npm_node_execpath: 'C:\\Program Files\\nodejs\\node.exe',
    npm_package_author_name: 'Shahrear Mahmud',
    npm_package_dependencies_cors: '^2.8.5',
    npm_package_dependencies_dotenv: '^16.1.4',
    npm_package_dependencies_eslint: '^8.42.0',
    npm_package_dependencies_express: '^4.18.2',
    npm_package_dependencies_mongoose: '^7.2.3',
    npm_package_dependencies_winston: '^3.9.0',
    npm_package_dependencies_winston_daily_rotate_file: '^4.7.1',
    npm_package_dependencies__typescript_eslint_parser: '^5.59.9',
    npm_package_description: '',
    npm_package_devDependencies_eslint_config_prettier: '^8.8.0',
    npm_package_devDependencies_husky: '^8.0.3',
    npm_package_devDependencies_lint_staged: '^13.2.2',
    npm_package_devDependencies_nodemon: '^2.0.22',
    npm_package_devDependencies_prettier: '^2.8.8',
    npm_package_devDependencies_ts_node: '^10.9.1',
    npm_package_devDependencies_ts_node_dev: '^2.0.0',
    npm_package_devDependencies_typescript: '^5.1.3',
    npm_package_devDependencies__typescript_eslint_eslint_plugin: '^5.59.9',
    npm_package_devDependencies__types_cors: '^2.8.13',
    npm_package_devDependencies__types_express: '^4.17.17',
    npm_package_devDependencies__types_node: '^20.2.6',
    npm_package_license: 'ISC',
    npm_package_lint_staged_src______ts: 'yarn lint-prettier',
    npm_package_main: 'src/server.ts',
    npm_package_name: 'university-management-auth-service',
    npm_package_scripts_lint_check: 'eslint --ignore-path .eslintignore --ext .js,.ts .',
    npm_package_scripts_lint_fix: 'eslint . --fix',
    npm_package_scripts_lint_prettier: 'yarn lint:check && yarn prettier:check',
    npm_package_scripts_prettier_check: 'prettier --ignore-path .gitignore --write "**/*.+(js|ts|json)"',
    npm_package_scripts_prettier_fix: 'prettier --write .',
    npm_package_scripts_start: 'ts-node-dev --respawn --transpile-only src/server.ts',
    npm_package_scripts_test: 'echo "Error: no test specified" && exit 1',
    npm_package_version: '1.0.0',
    NUMBER_OF_PROCESSORS: '12',
    NVM_HOME: 'C:\\Users\\Shahrear Mahmud\\AppData\\Roaming\\nvm',
    NVM_SYMLINK: 'C:\\Program Files\\nodejs',
    OneDrive: 'C:\\Users\\Shahrear Mahmud\\OneDrive',
    ORIGINAL_XDG_CURRENT_DESKTOP: 'undefined',
    OS: 'Windows_NT',
    Path: 'C:\\Users\\SHAHRE~1\\AppData\\Local\\Temp\\yarn--1686444693409-0.3491548441462424;D:\\Next_Level_Web 2.0\\university-management-auth-service\\node_modules\\.bin;C:\\Users\\Shahrear Mahmud\\AppData\\Local\\Yarn\\Data\\link\\node_modules\\.bin;C:\\Users\\Shahrear Mahmud\\AppData\\Local\\Yarn\\bin;C:\\Program Files\\libexec\\lib\\node_modules\\npm\\bin\\node-gyp-bin;C:\\Program Files\\lib\\node_modules\\npm\\bin\\node-gyp-bin;C:\\Program Files\\nodejs\\node_modules\\npm\\bin\\node-gyp-bin;C:\\Program Files\\Common Files\\Oracle\\Java\\javapath;C:\\Program Files\\Eclipse Adoptium\\jdk-11.0.16.101-hotspot\\bin;C:\\Windows\\system32;C:\\Windows;C:\\Windows\\System32\\Wbem;C:\\Windows\\System32\\WindowsPowerShell\\v1.0\\;C:\\Windows\\System32\\OpenSSH\\;C:\\Program Files\\Git\\cmd;C:\\Program Files (x86)\\NVIDIA Corporation\\PhysX\\Common;C:\\Program Files\\NVIDIA Corporation\\NVIDIA NvDLISR;C:\\ProgramData\\chocolatey\\bin;C:\\WINDOWS\\system32;C:\\WINDOWS;C:\\WINDOWS\\System32\\Wbem;C:\\WINDOWS\\System32\\WindowsPowerShell\\v1.0\\;C:\\WINDOWS\\System32\\OpenSSH\\;C:\\Program Files\\Java\\jdk-19\\bin;C:\\Program Files\\Java\\jdk-19\\bin;C:\\Program Files\\Common Files\\Oracle\\Java\\javapath;%NVM_HOME%;%NVM_SYMLINK%;C:\\Users\\Shahrear Mahmud\\AppData\\Local\\Programs\\Python\\Python310\\Scripts\\;C:\\Users\\Shahrear Mahmud\\AppData\\Local\\Programs\\Python\\Python310\\;C:\\Users\\Shahrear Mahmud\\AppData\\Local\\Microsoft\\WindowsApps;C:\\Users\\Shahrear Mahmud\\AppData\\Local\\Programs\\Microsoft VS Code\\bin;C:\\Users\\Shahrear Mahmud\\AppData\\Roaming\\npm;C:\\Users\\Shahrear Mahmud\\AppData\\Roaming\\nvm;C:\\Program Files\\nodejs',
    PATHEXT: '.COM;.EXE;.BAT;.CMD;.VBS;.VBE;.JS;.JSE;.WSF;.WSH;.MSC;.CPL',
    PORT: '5000',
    PROCESSOR_ARCHITECTURE: 'AMD64',
    PROCESSOR_IDENTIFIER: 'AMD64 Family 25 Model 33 Stepping 2, AuthenticAMD',
    PROCESSOR_LEVEL: '25',
    PROCESSOR_REVISION: '2102',
    ProgramData: 'C:\\ProgramData',
    ProgramFiles: 'C:\\Program Files',
    'ProgramFiles(x86)': 'C:\\Program Files (x86)',
    ProgramW6432: 'C:\\Program Files',
    PROMPT: '$P$G',
    PSModulePath: 'C:\\Users\\Shahrear Mahmud\\Documents\\WindowsPowerShell\\Modules;C:\\Program Files\\WindowsPowerShell\\Modules;C:\\WINDOWS\\system32\\WindowsPowerShell\\v1.0\\Modules',
    PT8HOME: 'E:\\Cisco Packet Tracer 8.2.0',
    PUBLIC: 'C:\\Users\\Public',
    SESSIONNAME: 'Console',
    SystemDrive: 'C:',
    SystemRoot: 'C:\\WINDOWS',
    TEMP: 'C:\\Users\\SHAHRE~1\\AppData\\Local\\Temp',
    TERM_PROGRAM: 'vscode',
    TERM_PROGRAM_VERSION: '1.79.0',
    TMP: 'C:\\Users\\SHAHRE~1\\AppData\\Local\\Temp',
    TS_NODE_DEV: 'true',
    USERDOMAIN: 'SHAHREAR-MAHMUD',
    USERDOMAIN_ROAMINGPROFILE: 'SHAHREAR-MAHMUD',
    USERNAME: 'Shahrear Mahmud',
    USERPROFILE: 'C:\\Users\\Shahrear Mahmud',
    VSCODE_GIT_ASKPASS_EXTRA_ARGS: '--ms-enable-electron-run-as-node',
    VSCODE_GIT_ASKPASS_MAIN: 'c:\\Users\\Shahrear Mahmud\\AppData\\Local\\Programs\\Microsoft VS Code\\resources\\app\\extensions\\git\\dist\\askpass-main.js',
    VSCODE_GIT_ASKPASS_NODE: 'C:\\Users\\Shahrear Mahmud\\AppData\\Local\\Programs\\Microsoft VS Code\\Code.exe',
    VSCODE_GIT_IPC_HANDLE: '\\\\.\\pipe\\vscode-git-04ba315e50-sock',
    VSCODE_INJECTION: '1',
    windir: 'C:\\WINDOWS',
    YARN_WRAP_OUTPUT: 'false'
  },
  level: 'info',
  service: 'user-service',
  label: 'PH',
  timestamp: '2023-06-11T02:12:33.197Z'
}
{
  message: 'Database Connected Successfully ',
  level: 'info',
  service: 'user-service',
  label: 'PH',
  timestamp: '2023-06-11T02:12:34.860Z'
}
{
  message: 'Application listening on port 5000',
  level: 'info',
  service: 'user-service',
  label: 'PH',
  timestamp: '2023-06-11T02:12:34.864Z'
}
{
  message: {
    ALLUSERSPROFILE: 'C:\\ProgramData',
    ANDROID_HOME: 'D:\\ANDROID',
    ANDROID_PITOOLS: 'D:\\ANDROID_PITOOLS',
    ANDROIID_TOOLS: 'D:\\ANDROIID_TOOLS',
    APPDATA: 'C:\\Users\\Shahrear Mahmud\\AppData\\Roaming',
    ChocolateyInstall: 'C:\\ProgramData\\chocolatey',
    ChocolateyLastPathUpdate: '133095342934707808',
    CHROME_CRASHPAD_PIPE_NAME: '\\\\.\\pipe\\LOCAL\\crashpad_8372_WUGBBYQSWCZSBZXC',
    COLORTERM: 'truecolor',
    CommonProgramFiles: 'C:\\Program Files\\Common Files',
    'CommonProgramFiles(x86)': 'C:\\Program Files (x86)\\Common Files',
    CommonProgramW6432: 'C:\\Program Files\\Common Files',
    COMPUTERNAME: 'SHAHREAR-MAHMUD',
    ComSpec: 'C:\\WINDOWS\\system32\\cmd.exe',
    DATABASE_URL: 'mongodb+srv://university-admin:Voh6DbNdOeTiYaiG@cluster0.p0ues8q.mongodb.net/university-management?retryWrites=true&w=majority',
    DEFAULT_USER_PASS: 'university123!@',
    DriverData: 'C:\\Windows\\System32\\Drivers\\DriverData',
    EFC_6564: '1',
    GIT_ASKPASS: 'c:\\Users\\Shahrear Mahmud\\AppData\\Local\\Programs\\Microsoft VS Code\\resources\\app\\extensions\\git\\dist\\askpass.sh',
    HOMEDRIVE: 'C:',
    HOMEPATH: '\\Users\\Shahrear Mahmud',
    INIT_CWD: 'D:\\Next_Level_Web 2.0\\university-management-auth-service',
    JAVA_HOME: 'C:\\Program Files\\Java\\jdk-19',
    LANG: 'en_US.UTF-8',
    LOCALAPPDATA: 'C:\\Users\\Shahrear Mahmud\\AppData\\Local',
    LOGONSERVER: '\\\\SHAHREAR-MAHMUD',
    NODE: 'C:\\Program Files\\nodejs\\node.exe',
    NODE_ENV: 'production',
    npm_config_argv: '{"remain":[],"cooked":["run","start"],"original":["start"]}',
    npm_config_bin_links: 'true',
    npm_config_ignore_optional: '',
    npm_config_ignore_scripts: '',
    npm_config_init_license: 'MIT',
    npm_config_init_version: '1.0.0',
    npm_config_registry: 'https://registry.yarnpkg.com',
    npm_config_save_prefix: '^',
    npm_config_strict_ssl: 'true',
    npm_config_user_agent: 'yarn/1.22.19 npm/? node/v19.8.1 win32 x64',
    npm_config_version_commit_hooks: 'true',
    npm_config_version_git_message: 'v%s',
    npm_config_version_git_sign: '',
    npm_config_version_git_tag: 'true',
    npm_config_version_tag_prefix: 'v',
    npm_execpath: 'C:\\Users\\Shahrear Mahmud\\AppData\\Roaming\\nvm\\v19.8.1\\node_modules\\yarn\\bin\\yarn.js',
    npm_lifecycle_event: 'start',
    npm_lifecycle_script: 'ts-node-dev --respawn --transpile-only src/server.ts',
    npm_node_execpath: 'C:\\Program Files\\nodejs\\node.exe',
    npm_package_author_name: 'Shahrear Mahmud',
    npm_package_dependencies_cors: '^2.8.5',
    npm_package_dependencies_dotenv: '^16.1.4',
    npm_package_dependencies_eslint: '^8.42.0',
    npm_package_dependencies_express: '^4.18.2',
    npm_package_dependencies_mongoose: '^7.2.3',
    npm_package_dependencies_winston: '^3.9.0',
    npm_package_dependencies_winston_daily_rotate_file: '^4.7.1',
    npm_package_dependencies__typescript_eslint_parser: '^5.59.9',
    npm_package_description: '',
    npm_package_devDependencies_eslint_config_prettier: '^8.8.0',
    npm_package_devDependencies_husky: '^8.0.3',
    npm_package_devDependencies_lint_staged: '^13.2.2',
    npm_package_devDependencies_nodemon: '^2.0.22',
    npm_package_devDependencies_prettier: '^2.8.8',
    npm_package_devDependencies_ts_node: '^10.9.1',
    npm_package_devDependencies_ts_node_dev: '^2.0.0',
    npm_package_devDependencies_typescript: '^5.1.3',
    npm_package_devDependencies__typescript_eslint_eslint_plugin: '^5.59.9',
    npm_package_devDependencies__types_cors: '^2.8.13',
    npm_package_devDependencies__types_express: '^4.17.17',
    npm_package_devDependencies__types_node: '^20.2.6',
    npm_package_license: 'ISC',
    npm_package_lint_staged_src______ts: 'yarn lint-prettier',
    npm_package_main: 'src/server.ts',
    npm_package_name: 'university-management-auth-service',
    npm_package_scripts_lint_check: 'eslint --ignore-path .eslintignore --ext .js,.ts .',
    npm_package_scripts_lint_fix: 'eslint . --fix',
    npm_package_scripts_lint_prettier: 'yarn lint:check && yarn prettier:check',
    npm_package_scripts_prettier_check: 'prettier --ignore-path .gitignore --write "**/*.+(js|ts|json)"',
    npm_package_scripts_prettier_fix: 'prettier --write .',
    npm_package_scripts_start: 'ts-node-dev --respawn --transpile-only src/server.ts',
    npm_package_scripts_test: 'echo "Error: no test specified" && exit 1',
    npm_package_version: '1.0.0',
    NUMBER_OF_PROCESSORS: '12',
    NVM_HOME: 'C:\\Users\\Shahrear Mahmud\\AppData\\Roaming\\nvm',
    NVM_SYMLINK: 'C:\\Program Files\\nodejs',
    OneDrive: 'C:\\Users\\Shahrear Mahmud\\OneDrive',
    ORIGINAL_XDG_CURRENT_DESKTOP: 'undefined',
    OS: 'Windows_NT',
    Path: 'C:\\Users\\SHAHRE~1\\AppData\\Local\\Temp\\yarn--1686444693409-0.3491548441462424;D:\\Next_Level_Web 2.0\\university-management-auth-service\\node_modules\\.bin;C:\\Users\\Shahrear Mahmud\\AppData\\Local\\Yarn\\Data\\link\\node_modules\\.bin;C:\\Users\\Shahrear Mahmud\\AppData\\Local\\Yarn\\bin;C:\\Program Files\\libexec\\lib\\node_modules\\npm\\bin\\node-gyp-bin;C:\\Program Files\\lib\\node_modules\\npm\\bin\\node-gyp-bin;C:\\Program Files\\nodejs\\node_modules\\npm\\bin\\node-gyp-bin;C:\\Program Files\\Common Files\\Oracle\\Java\\javapath;C:\\Program Files\\Eclipse Adoptium\\jdk-11.0.16.101-hotspot\\bin;C:\\Windows\\system32;C:\\Windows;C:\\Windows\\System32\\Wbem;C:\\Windows\\System32\\WindowsPowerShell\\v1.0\\;C:\\Windows\\System32\\OpenSSH\\;C:\\Program Files\\Git\\cmd;C:\\Program Files (x86)\\NVIDIA Corporation\\PhysX\\Common;C:\\Program Files\\NVIDIA Corporation\\NVIDIA NvDLISR;C:\\ProgramData\\chocolatey\\bin;C:\\WINDOWS\\system32;C:\\WINDOWS;C:\\WINDOWS\\System32\\Wbem;C:\\WINDOWS\\System32\\WindowsPowerShell\\v1.0\\;C:\\WINDOWS\\System32\\OpenSSH\\;C:\\Program Files\\Java\\jdk-19\\bin;C:\\Program Files\\Java\\jdk-19\\bin;C:\\Program Files\\Common Files\\Oracle\\Java\\javapath;%NVM_HOME%;%NVM_SYMLINK%;C:\\Users\\Shahrear Mahmud\\AppData\\Local\\Programs\\Python\\Python310\\Scripts\\;C:\\Users\\Shahrear Mahmud\\AppData\\Local\\Programs\\Python\\Python310\\;C:\\Users\\Shahrear Mahmud\\AppData\\Local\\Microsoft\\WindowsApps;C:\\Users\\Shahrear Mahmud\\AppData\\Local\\Programs\\Microsoft VS Code\\bin;C:\\Users\\Shahrear Mahmud\\AppData\\Roaming\\npm;C:\\Users\\Shahrear Mahmud\\AppData\\Roaming\\nvm;C:\\Program Files\\nodejs',
    PATHEXT: '.COM;.EXE;.BAT;.CMD;.VBS;.VBE;.JS;.JSE;.WSF;.WSH;.MSC;.CPL',
    PORT: '5000',
    PROCESSOR_ARCHITECTURE: 'AMD64',
    PROCESSOR_IDENTIFIER: 'AMD64 Family 25 Model 33 Stepping 2, AuthenticAMD',
    PROCESSOR_LEVEL: '25',
    PROCESSOR_REVISION: '2102',
    ProgramData: 'C:\\ProgramData',
    ProgramFiles: 'C:\\Program Files',
    'ProgramFiles(x86)': 'C:\\Program Files (x86)',
    ProgramW6432: 'C:\\Program Files',
    PROMPT: '$P$G',
    PSModulePath: 'C:\\Users\\Shahrear Mahmud\\Documents\\WindowsPowerShell\\Modules;C:\\Program Files\\WindowsPowerShell\\Modules;C:\\WINDOWS\\system32\\WindowsPowerShell\\v1.0\\Modules',
    PT8HOME: 'E:\\Cisco Packet Tracer 8.2.0',
    PUBLIC: 'C:\\Users\\Public',
    SESSIONNAME: 'Console',
    SystemDrive: 'C:',
    SystemRoot: 'C:\\WINDOWS',
    TEMP: 'C:\\Users\\SHAHRE~1\\AppData\\Local\\Temp',
    TERM_PROGRAM: 'vscode',
    TERM_PROGRAM_VERSION: '1.79.0',
    TMP: 'C:\\Users\\SHAHRE~1\\AppData\\Local\\Temp',
    TS_NODE_DEV: 'true',
    USERDOMAIN: 'SHAHREAR-MAHMUD',
    USERDOMAIN_ROAMINGPROFILE: 'SHAHREAR-MAHMUD',
    USERNAME: 'Shahrear Mahmud',
    USERPROFILE: 'C:\\Users\\Shahrear Mahmud',
    VSCODE_GIT_ASKPASS_EXTRA_ARGS: '--ms-enable-electron-run-as-node',
    VSCODE_GIT_ASKPASS_MAIN: 'c:\\Users\\Shahrear Mahmud\\AppData\\Local\\Programs\\Microsoft VS Code\\resources\\app\\extensions\\git\\dist\\askpass-main.js',
    VSCODE_GIT_ASKPASS_NODE: 'C:\\Users\\Shahrear Mahmud\\AppData\\Local\\Programs\\Microsoft VS Code\\Code.exe',
    VSCODE_GIT_IPC_HANDLE: '\\\\.\\pipe\\vscode-git-04ba315e50-sock',
    VSCODE_INJECTION: '1',
    windir: 'C:\\WINDOWS',
    YARN_WRAP_OUTPUT: 'false'
  },
  level: 'info',
  service: 'user-service',
  label: 'PH',
  timestamp: '2023-06-11T02:13:30.875Z'
}
{
  message: 'Database Connected Successfully ',
  level: 'info',
  service: 'user-service',
  label: 'PH',
  timestamp: '2023-06-11T02:13:32.878Z'
}
{
  message: 'Application listening on port 5000',
  level: 'info',
  service: 'user-service',
  label: 'PH',
  timestamp: '2023-06-11T02:13:32.882Z'
}
{
  message: {
    ALLUSERSPROFILE: 'C:\\ProgramData',
    ANDROID_HOME: 'D:\\ANDROID',
    ANDROID_PITOOLS: 'D:\\ANDROID_PITOOLS',
    ANDROIID_TOOLS: 'D:\\ANDROIID_TOOLS',
    APPDATA: 'C:\\Users\\Shahrear Mahmud\\AppData\\Roaming',
    ChocolateyInstall: 'C:\\ProgramData\\chocolatey',
    ChocolateyLastPathUpdate: '133095342934707808',
    CHROME_CRASHPAD_PIPE_NAME: '\\\\.\\pipe\\LOCAL\\crashpad_8372_WUGBBYQSWCZSBZXC',
    COLORTERM: 'truecolor',
    CommonProgramFiles: 'C:\\Program Files\\Common Files',
    'CommonProgramFiles(x86)': 'C:\\Program Files (x86)\\Common Files',
    CommonProgramW6432: 'C:\\Program Files\\Common Files',
    COMPUTERNAME: 'SHAHREAR-MAHMUD',
    ComSpec: 'C:\\WINDOWS\\system32\\cmd.exe',
    DATABASE_URL: 'mongodb+srv://university-admin:Voh6DbNdOeTiYaiG@cluster0.p0ues8q.mongodb.net/university-management?retryWrites=true&w=majority',
    DEFAULT_USER_PASS: 'university123!@',
    DriverData: 'C:\\Windows\\System32\\Drivers\\DriverData',
    EFC_6564: '1',
    GIT_ASKPASS: 'c:\\Users\\Shahrear Mahmud\\AppData\\Local\\Programs\\Microsoft VS Code\\resources\\app\\extensions\\git\\dist\\askpass.sh',
    HOMEDRIVE: 'C:',
    HOMEPATH: '\\Users\\Shahrear Mahmud',
    INIT_CWD: 'D:\\Next_Level_Web 2.0\\university-management-auth-service',
    JAVA_HOME: 'C:\\Program Files\\Java\\jdk-19',
    LANG: 'en_US.UTF-8',
    LOCALAPPDATA: 'C:\\Users\\Shahrear Mahmud\\AppData\\Local',
    LOGONSERVER: '\\\\SHAHREAR-MAHMUD',
    NODE: 'C:\\Program Files\\nodejs\\node.exe',
    NODE_ENV: 'production',
    npm_config_argv: '{"remain":[],"cooked":["run","start"],"original":["start"]}',
    npm_config_bin_links: 'true',
    npm_config_ignore_optional: '',
    npm_config_ignore_scripts: '',
    npm_config_init_license: 'MIT',
    npm_config_init_version: '1.0.0',
    npm_config_registry: 'https://registry.yarnpkg.com',
    npm_config_save_prefix: '^',
    npm_config_strict_ssl: 'true',
    npm_config_user_agent: 'yarn/1.22.19 npm/? node/v19.8.1 win32 x64',
    npm_config_version_commit_hooks: 'true',
    npm_config_version_git_message: 'v%s',
    npm_config_version_git_sign: '',
    npm_config_version_git_tag: 'true',
    npm_config_version_tag_prefix: 'v',
    npm_execpath: 'C:\\Users\\Shahrear Mahmud\\AppData\\Roaming\\nvm\\v19.8.1\\node_modules\\yarn\\bin\\yarn.js',
    npm_lifecycle_event: 'start',
    npm_lifecycle_script: 'ts-node-dev --respawn --transpile-only src/server.ts',
    npm_node_execpath: 'C:\\Program Files\\nodejs\\node.exe',
    npm_package_author_name: 'Shahrear Mahmud',
    npm_package_dependencies_cors: '^2.8.5',
    npm_package_dependencies_dotenv: '^16.1.4',
    npm_package_dependencies_eslint: '^8.42.0',
    npm_package_dependencies_express: '^4.18.2',
    npm_package_dependencies_mongoose: '^7.2.3',
    npm_package_dependencies_winston: '^3.9.0',
    npm_package_dependencies_winston_daily_rotate_file: '^4.7.1',
    npm_package_dependencies__typescript_eslint_parser: '^5.59.9',
    npm_package_description: '',
    npm_package_devDependencies_eslint_config_prettier: '^8.8.0',
    npm_package_devDependencies_husky: '^8.0.3',
    npm_package_devDependencies_lint_staged: '^13.2.2',
    npm_package_devDependencies_nodemon: '^2.0.22',
    npm_package_devDependencies_prettier: '^2.8.8',
    npm_package_devDependencies_ts_node: '^10.9.1',
    npm_package_devDependencies_ts_node_dev: '^2.0.0',
    npm_package_devDependencies_typescript: '^5.1.3',
    npm_package_devDependencies__typescript_eslint_eslint_plugin: '^5.59.9',
    npm_package_devDependencies__types_cors: '^2.8.13',
    npm_package_devDependencies__types_express: '^4.17.17',
    npm_package_devDependencies__types_node: '^20.2.6',
    npm_package_license: 'ISC',
    npm_package_lint_staged_src______ts: 'yarn lint-prettier',
    npm_package_main: 'src/server.ts',
    npm_package_name: 'university-management-auth-service',
    npm_package_scripts_lint_check: 'eslint --ignore-path .eslintignore --ext .js,.ts .',
    npm_package_scripts_lint_fix: 'eslint . --fix',
    npm_package_scripts_lint_prettier: 'yarn lint:check && yarn prettier:check',
    npm_package_scripts_prettier_check: 'prettier --ignore-path .gitignore --write "**/*.+(js|ts|json)"',
    npm_package_scripts_prettier_fix: 'prettier --write .',
    npm_package_scripts_start: 'ts-node-dev --respawn --transpile-only src/server.ts',
    npm_package_scripts_test: 'echo "Error: no test specified" && exit 1',
    npm_package_version: '1.0.0',
    NUMBER_OF_PROCESSORS: '12',
    NVM_HOME: 'C:\\Users\\Shahrear Mahmud\\AppData\\Roaming\\nvm',
    NVM_SYMLINK: 'C:\\Program Files\\nodejs',
    OneDrive: 'C:\\Users\\Shahrear Mahmud\\OneDrive',
    ORIGINAL_XDG_CURRENT_DESKTOP: 'undefined',
    OS: 'Windows_NT',
    Path: 'C:\\Users\\SHAHRE~1\\AppData\\Local\\Temp\\yarn--1686449661798-0.07653097725668956;D:\\Next_Level_Web 2.0\\university-management-auth-service\\node_modules\\.bin;C:\\Users\\Shahrear Mahmud\\AppData\\Local\\Yarn\\Data\\link\\node_modules\\.bin;C:\\Users\\Shahrear Mahmud\\AppData\\Local\\Yarn\\bin;C:\\Program Files\\libexec\\lib\\node_modules\\npm\\bin\\node-gyp-bin;C:\\Program Files\\lib\\node_modules\\npm\\bin\\node-gyp-bin;C:\\Program Files\\nodejs\\node_modules\\npm\\bin\\node-gyp-bin;C:\\Program Files\\Common Files\\Oracle\\Java\\javapath;C:\\Program Files\\Eclipse Adoptium\\jdk-11.0.16.101-hotspot\\bin;C:\\Windows\\system32;C:\\Windows;C:\\Windows\\System32\\Wbem;C:\\Windows\\System32\\WindowsPowerShell\\v1.0\\;C:\\Windows\\System32\\OpenSSH\\;C:\\Program Files\\Git\\cmd;C:\\Program Files (x86)\\NVIDIA Corporation\\PhysX\\Common;C:\\Program Files\\NVIDIA Corporation\\NVIDIA NvDLISR;C:\\ProgramData\\chocolatey\\bin;C:\\WINDOWS\\system32;C:\\WINDOWS;C:\\WINDOWS\\System32\\Wbem;C:\\WINDOWS\\System32\\WindowsPowerShell\\v1.0\\;C:\\WINDOWS\\System32\\OpenSSH\\;C:\\Program Files\\Java\\jdk-19\\bin;C:\\Program Files\\Java\\jdk-19\\bin;C:\\Program Files\\Common Files\\Oracle\\Java\\javapath;%NVM_HOME%;%NVM_SYMLINK%;C:\\Users\\Shahrear Mahmud\\AppData\\Local\\Programs\\Python\\Python310\\Scripts\\;C:\\Users\\Shahrear Mahmud\\AppData\\Local\\Programs\\Python\\Python310\\;C:\\Users\\Shahrear Mahmud\\AppData\\Local\\Microsoft\\WindowsApps;C:\\Users\\Shahrear Mahmud\\AppData\\Local\\Programs\\Microsoft VS Code\\bin;C:\\Users\\Shahrear Mahmud\\AppData\\Roaming\\npm;C:\\Users\\Shahrear Mahmud\\AppData\\Roaming\\nvm;C:\\Program Files\\nodejs',
    PATHEXT: '.COM;.EXE;.BAT;.CMD;.VBS;.VBE;.JS;.JSE;.WSF;.WSH;.MSC;.CPL',
    PORT: '5000',
    PROCESSOR_ARCHITECTURE: 'AMD64',
    PROCESSOR_IDENTIFIER: 'AMD64 Family 25 Model 33 Stepping 2, AuthenticAMD',
    PROCESSOR_LEVEL: '25',
    PROCESSOR_REVISION: '2102',
    ProgramData: 'C:\\ProgramData',
    ProgramFiles: 'C:\\Program Files',
    'ProgramFiles(x86)': 'C:\\Program Files (x86)',
    ProgramW6432: 'C:\\Program Files',
    PROMPT: '$P$G',
    PSModulePath: 'C:\\Users\\Shahrear Mahmud\\Documents\\WindowsPowerShell\\Modules;C:\\Program Files\\WindowsPowerShell\\Modules;C:\\WINDOWS\\system32\\WindowsPowerShell\\v1.0\\Modules',
    PT8HOME: 'E:\\Cisco Packet Tracer 8.2.0',
    PUBLIC: 'C:\\Users\\Public',
    SESSIONNAME: 'Console',
    SystemDrive: 'C:',
    SystemRoot: 'C:\\WINDOWS',
    TEMP: 'C:\\Users\\SHAHRE~1\\AppData\\Local\\Temp',
    TERM_PROGRAM: 'vscode',
    TERM_PROGRAM_VERSION: '1.79.0',
    TMP: 'C:\\Users\\SHAHRE~1\\AppData\\Local\\Temp',
    TS_NODE_DEV: 'true',
    USERDOMAIN: 'SHAHREAR-MAHMUD',
    USERDOMAIN_ROAMINGPROFILE: 'SHAHREAR-MAHMUD',
    USERNAME: 'Shahrear Mahmud',
    USERPROFILE: 'C:\\Users\\Shahrear Mahmud',
    VSCODE_GIT_ASKPASS_EXTRA_ARGS: '--ms-enable-electron-run-as-node',
    VSCODE_GIT_ASKPASS_MAIN: 'c:\\Users\\Shahrear Mahmud\\AppData\\Local\\Programs\\Microsoft VS Code\\resources\\app\\extensions\\git\\dist\\askpass-main.js',
    VSCODE_GIT_ASKPASS_NODE: 'C:\\Users\\Shahrear Mahmud\\AppData\\Local\\Programs\\Microsoft VS Code\\Code.exe',
    VSCODE_GIT_IPC_HANDLE: '\\\\.\\pipe\\vscode-git-04ba315e50-sock',
    VSCODE_INJECTION: '1',
    windir: 'C:\\WINDOWS',
    YARN_WRAP_OUTPUT: 'false'
  },
  level: 'info',
  service: 'user-service',
  label: 'PH',
  timestamp: '2023-06-11T02:14:22.737Z'
}
{
  message: 'Database Connected Successfully ',
  level: 'info',
  service: 'user-service',
  label: 'PH',
  timestamp: '2023-06-11T02:14:24.555Z'
}
{
  message: 'Application listening on port 5000',
  level: 'info',
  service: 'user-service',
  label: 'PH',
  timestamp: '2023-06-11T02:14:24.559Z'
}
{
  message: {
    ALLUSERSPROFILE: 'C:\\ProgramData',
    ANDROID_HOME: 'D:\\ANDROID',
    ANDROID_PITOOLS: 'D:\\ANDROID_PITOOLS',
    ANDROIID_TOOLS: 'D:\\ANDROIID_TOOLS',
    APPDATA: 'C:\\Users\\Shahrear Mahmud\\AppData\\Roaming',
    ChocolateyInstall: 'C:\\ProgramData\\chocolatey',
    ChocolateyLastPathUpdate: '133095342934707808',
    CHROME_CRASHPAD_PIPE_NAME: '\\\\.\\pipe\\LOCAL\\crashpad_8372_WUGBBYQSWCZSBZXC',
    COLORTERM: 'truecolor',
    CommonProgramFiles: 'C:\\Program Files\\Common Files',
    'CommonProgramFiles(x86)': 'C:\\Program Files (x86)\\Common Files',
    CommonProgramW6432: 'C:\\Program Files\\Common Files',
    COMPUTERNAME: 'SHAHREAR-MAHMUD',
    ComSpec: 'C:\\WINDOWS\\system32\\cmd.exe',
    DATABASE_URL: 'mongodb+srv://university-admin:Voh6DbNdOeTiYaiG@cluster0.p0ues8q.mongodb.net/university-management?retryWrites=true&w=majority',
    DEFAULT_USER_PASS: 'university123!@',
    DriverData: 'C:\\Windows\\System32\\Drivers\\DriverData',
    EFC_6564: '1',
    GIT_ASKPASS: 'c:\\Users\\Shahrear Mahmud\\AppData\\Local\\Programs\\Microsoft VS Code\\resources\\app\\extensions\\git\\dist\\askpass.sh',
    HOMEDRIVE: 'C:',
    HOMEPATH: '\\Users\\Shahrear Mahmud',
    INIT_CWD: 'D:\\Next_Level_Web 2.0\\university-management-auth-service',
    JAVA_HOME: 'C:\\Program Files\\Java\\jdk-19',
    LANG: 'en_US.UTF-8',
    LOCALAPPDATA: 'C:\\Users\\Shahrear Mahmud\\AppData\\Local',
    LOGONSERVER: '\\\\SHAHREAR-MAHMUD',
    NODE: 'C:\\Program Files\\nodejs\\node.exe',
    NODE_ENV: 'production',
    npm_config_argv: '{"remain":[],"cooked":["run","start"],"original":["start"]}',
    npm_config_bin_links: 'true',
    npm_config_ignore_optional: '',
    npm_config_ignore_scripts: '',
    npm_config_init_license: 'MIT',
    npm_config_init_version: '1.0.0',
    npm_config_registry: 'https://registry.yarnpkg.com',
    npm_config_save_prefix: '^',
    npm_config_strict_ssl: 'true',
    npm_config_user_agent: 'yarn/1.22.19 npm/? node/v19.8.1 win32 x64',
    npm_config_version_commit_hooks: 'true',
    npm_config_version_git_message: 'v%s',
    npm_config_version_git_sign: '',
    npm_config_version_git_tag: 'true',
    npm_config_version_tag_prefix: 'v',
    npm_execpath: 'C:\\Users\\Shahrear Mahmud\\AppData\\Roaming\\nvm\\v19.8.1\\node_modules\\yarn\\bin\\yarn.js',
    npm_lifecycle_event: 'start',
    npm_lifecycle_script: 'ts-node-dev --respawn --transpile-only src/server.ts',
    npm_node_execpath: 'C:\\Program Files\\nodejs\\node.exe',
    npm_package_author_name: 'Shahrear Mahmud',
    npm_package_dependencies_cors: '^2.8.5',
    npm_package_dependencies_dotenv: '^16.1.4',
    npm_package_dependencies_eslint: '^8.42.0',
    npm_package_dependencies_express: '^4.18.2',
    npm_package_dependencies_mongoose: '^7.2.3',
    npm_package_dependencies_winston: '^3.9.0',
    npm_package_dependencies_winston_daily_rotate_file: '^4.7.1',
    npm_package_dependencies__typescript_eslint_parser: '^5.59.9',
    npm_package_description: '',
    npm_package_devDependencies_eslint_config_prettier: '^8.8.0',
    npm_package_devDependencies_husky: '^8.0.3',
    npm_package_devDependencies_lint_staged: '^13.2.2',
    npm_package_devDependencies_nodemon: '^2.0.22',
    npm_package_devDependencies_prettier: '^2.8.8',
    npm_package_devDependencies_ts_node: '^10.9.1',
    npm_package_devDependencies_ts_node_dev: '^2.0.0',
    npm_package_devDependencies_typescript: '^5.1.3',
    npm_package_devDependencies__typescript_eslint_eslint_plugin: '^5.59.9',
    npm_package_devDependencies__types_cors: '^2.8.13',
    npm_package_devDependencies__types_express: '^4.17.17',
    npm_package_devDependencies__types_node: '^20.2.6',
    npm_package_license: 'ISC',
    npm_package_lint_staged_src______ts: 'yarn lint-prettier',
    npm_package_main: 'src/server.ts',
    npm_package_name: 'university-management-auth-service',
    npm_package_scripts_lint_check: 'eslint --ignore-path .eslintignore --ext .js,.ts .',
    npm_package_scripts_lint_fix: 'eslint . --fix',
    npm_package_scripts_lint_prettier: 'yarn lint:check && yarn prettier:check',
    npm_package_scripts_prettier_check: 'prettier --ignore-path .gitignore --write "**/*.+(js|ts|json)"',
    npm_package_scripts_prettier_fix: 'prettier --write .',
    npm_package_scripts_start: 'ts-node-dev --respawn --transpile-only src/server.ts',
    npm_package_scripts_test: 'echo "Error: no test specified" && exit 1',
    npm_package_version: '1.0.0',
    NUMBER_OF_PROCESSORS: '12',
    NVM_HOME: 'C:\\Users\\Shahrear Mahmud\\AppData\\Roaming\\nvm',
    NVM_SYMLINK: 'C:\\Program Files\\nodejs',
    OneDrive: 'C:\\Users\\Shahrear Mahmud\\OneDrive',
    ORIGINAL_XDG_CURRENT_DESKTOP: 'undefined',
    OS: 'Windows_NT',
    Path: 'C:\\Users\\SHAHRE~1\\AppData\\Local\\Temp\\yarn--1686449661798-0.07653097725668956;D:\\Next_Level_Web 2.0\\university-management-auth-service\\node_modules\\.bin;C:\\Users\\Shahrear Mahmud\\AppData\\Local\\Yarn\\Data\\link\\node_modules\\.bin;C:\\Users\\Shahrear Mahmud\\AppData\\Local\\Yarn\\bin;C:\\Program Files\\libexec\\lib\\node_modules\\npm\\bin\\node-gyp-bin;C:\\Program Files\\lib\\node_modules\\npm\\bin\\node-gyp-bin;C:\\Program Files\\nodejs\\node_modules\\npm\\bin\\node-gyp-bin;C:\\Program Files\\Common Files\\Oracle\\Java\\javapath;C:\\Program Files\\Eclipse Adoptium\\jdk-11.0.16.101-hotspot\\bin;C:\\Windows\\system32;C:\\Windows;C:\\Windows\\System32\\Wbem;C:\\Windows\\System32\\WindowsPowerShell\\v1.0\\;C:\\Windows\\System32\\OpenSSH\\;C:\\Program Files\\Git\\cmd;C:\\Program Files (x86)\\NVIDIA Corporation\\PhysX\\Common;C:\\Program Files\\NVIDIA Corporation\\NVIDIA NvDLISR;C:\\ProgramData\\chocolatey\\bin;C:\\WINDOWS\\system32;C:\\WINDOWS;C:\\WINDOWS\\System32\\Wbem;C:\\WINDOWS\\System32\\WindowsPowerShell\\v1.0\\;C:\\WINDOWS\\System32\\OpenSSH\\;C:\\Program Files\\Java\\jdk-19\\bin;C:\\Program Files\\Java\\jdk-19\\bin;C:\\Program Files\\Common Files\\Oracle\\Java\\javapath;%NVM_HOME%;%NVM_SYMLINK%;C:\\Users\\Shahrear Mahmud\\AppData\\Local\\Programs\\Python\\Python310\\Scripts\\;C:\\Users\\Shahrear Mahmud\\AppData\\Local\\Programs\\Python\\Python310\\;C:\\Users\\Shahrear Mahmud\\AppData\\Local\\Microsoft\\WindowsApps;C:\\Users\\Shahrear Mahmud\\AppData\\Local\\Programs\\Microsoft VS Code\\bin;C:\\Users\\Shahrear Mahmud\\AppData\\Roaming\\npm;C:\\Users\\Shahrear Mahmud\\AppData\\Roaming\\nvm;C:\\Program Files\\nodejs',
    PATHEXT: '.COM;.EXE;.BAT;.CMD;.VBS;.VBE;.JS;.JSE;.WSF;.WSH;.MSC;.CPL',
    PORT: '5000',
    PROCESSOR_ARCHITECTURE: 'AMD64',
    PROCESSOR_IDENTIFIER: 'AMD64 Family 25 Model 33 Stepping 2, AuthenticAMD',
    PROCESSOR_LEVEL: '25',
    PROCESSOR_REVISION: '2102',
    ProgramData: 'C:\\ProgramData',
    ProgramFiles: 'C:\\Program Files',
    'ProgramFiles(x86)': 'C:\\Program Files (x86)',
    ProgramW6432: 'C:\\Program Files',
    PROMPT: '$P$G',
    PSModulePath: 'C:\\Users\\Shahrear Mahmud\\Documents\\WindowsPowerShell\\Modules;C:\\Program Files\\WindowsPowerShell\\Modules;C:\\WINDOWS\\system32\\WindowsPowerShell\\v1.0\\Modules',
    PT8HOME: 'E:\\Cisco Packet Tracer 8.2.0',
    PUBLIC: 'C:\\Users\\Public',
    SESSIONNAME: 'Console',
    SystemDrive: 'C:',
    SystemRoot: 'C:\\WINDOWS',
    TEMP: 'C:\\Users\\SHAHRE~1\\AppData\\Local\\Temp',
    TERM_PROGRAM: 'vscode',
    TERM_PROGRAM_VERSION: '1.79.0',
    TMP: 'C:\\Users\\SHAHRE~1\\AppData\\Local\\Temp',
    TS_NODE_DEV: 'true',
    USERDOMAIN: 'SHAHREAR-MAHMUD',
    USERDOMAIN_ROAMINGPROFILE: 'SHAHREAR-MAHMUD',
    USERNAME: 'Shahrear Mahmud',
    USERPROFILE: 'C:\\Users\\Shahrear Mahmud',
    VSCODE_GIT_ASKPASS_EXTRA_ARGS: '--ms-enable-electron-run-as-node',
    VSCODE_GIT_ASKPASS_MAIN: 'c:\\Users\\Shahrear Mahmud\\AppData\\Local\\Programs\\Microsoft VS Code\\resources\\app\\extensions\\git\\dist\\askpass-main.js',
    VSCODE_GIT_ASKPASS_NODE: 'C:\\Users\\Shahrear Mahmud\\AppData\\Local\\Programs\\Microsoft VS Code\\Code.exe',
    VSCODE_GIT_IPC_HANDLE: '\\\\.\\pipe\\vscode-git-04ba315e50-sock',
    VSCODE_INJECTION: '1',
    windir: 'C:\\WINDOWS',
    YARN_WRAP_OUTPUT: 'false'
  },
  level: 'info',
  service: 'user-service',
  label: 'PH',
  timestamp: '2023-06-11T02:15:13.599Z'
}
{
  message: 'Database Connected Successfully ',
  level: 'info',
  service: 'user-service',
  label: 'PH',
  timestamp: '2023-06-11T02:15:15.378Z'
}
{
  message: 'Application listening on port 5000',
  level: 'info',
  service: 'user-service',
  label: 'PH',
  timestamp: '2023-06-11T02:15:15.382Z'
}
{
  message: {
    ALLUSERSPROFILE: 'C:\\ProgramData',
    ANDROID_HOME: 'D:\\ANDROID',
    ANDROID_PITOOLS: 'D:\\ANDROID_PITOOLS',
    ANDROIID_TOOLS: 'D:\\ANDROIID_TOOLS',
    APPDATA: 'C:\\Users\\Shahrear Mahmud\\AppData\\Roaming',
    ChocolateyInstall: 'C:\\ProgramData\\chocolatey',
    ChocolateyLastPathUpdate: '133095342934707808',
    CHROME_CRASHPAD_PIPE_NAME: '\\\\.\\pipe\\LOCAL\\crashpad_8372_WUGBBYQSWCZSBZXC',
    COLORTERM: 'truecolor',
    CommonProgramFiles: 'C:\\Program Files\\Common Files',
    'CommonProgramFiles(x86)': 'C:\\Program Files (x86)\\Common Files',
    CommonProgramW6432: 'C:\\Program Files\\Common Files',
    COMPUTERNAME: 'SHAHREAR-MAHMUD',
    ComSpec: 'C:\\WINDOWS\\system32\\cmd.exe',
    DATABASE_URL: 'mongodb+srv://university-admin:Voh6DbNdOeTiYaiG@cluster0.p0ues8q.mongodb.net/university-management?retryWrites=true&w=majority',
    DEFAULT_USER_PASS: 'university123!@',
    DriverData: 'C:\\Windows\\System32\\Drivers\\DriverData',
    EFC_6564: '1',
    GIT_ASKPASS: 'c:\\Users\\Shahrear Mahmud\\AppData\\Local\\Programs\\Microsoft VS Code\\resources\\app\\extensions\\git\\dist\\askpass.sh',
    HOMEDRIVE: 'C:',
    HOMEPATH: '\\Users\\Shahrear Mahmud',
    INIT_CWD: 'D:\\Next_Level_Web 2.0\\university-management-auth-service',
    JAVA_HOME: 'C:\\Program Files\\Java\\jdk-19',
    LANG: 'en_US.UTF-8',
    LOCALAPPDATA: 'C:\\Users\\Shahrear Mahmud\\AppData\\Local',
    LOGONSERVER: '\\\\SHAHREAR-MAHMUD',
    NODE: 'C:\\Program Files\\nodejs\\node.exe',
    NODE_ENV: 'production',
    npm_config_argv: '{"remain":[],"cooked":["run","start"],"original":["start"]}',
    npm_config_bin_links: 'true',
    npm_config_ignore_optional: '',
    npm_config_ignore_scripts: '',
    npm_config_init_license: 'MIT',
    npm_config_init_version: '1.0.0',
    npm_config_registry: 'https://registry.yarnpkg.com',
    npm_config_save_prefix: '^',
    npm_config_strict_ssl: 'true',
    npm_config_user_agent: 'yarn/1.22.19 npm/? node/v19.8.1 win32 x64',
    npm_config_version_commit_hooks: 'true',
    npm_config_version_git_message: 'v%s',
    npm_config_version_git_sign: '',
    npm_config_version_git_tag: 'true',
    npm_config_version_tag_prefix: 'v',
    npm_execpath: 'C:\\Users\\Shahrear Mahmud\\AppData\\Roaming\\nvm\\v19.8.1\\node_modules\\yarn\\bin\\yarn.js',
    npm_lifecycle_event: 'start',
    npm_lifecycle_script: 'ts-node-dev --respawn --transpile-only src/server.ts',
    npm_node_execpath: 'C:\\Program Files\\nodejs\\node.exe',
    npm_package_author_name: 'Shahrear Mahmud',
    npm_package_dependencies_cors: '^2.8.5',
    npm_package_dependencies_dotenv: '^16.1.4',
    npm_package_dependencies_eslint: '^8.42.0',
    npm_package_dependencies_express: '^4.18.2',
    npm_package_dependencies_mongoose: '^7.2.3',
    npm_package_dependencies_winston: '^3.9.0',
    npm_package_dependencies_winston_daily_rotate_file: '^4.7.1',
    npm_package_dependencies__typescript_eslint_parser: '^5.59.9',
    npm_package_description: '',
    npm_package_devDependencies_eslint_config_prettier: '^8.8.0',
    npm_package_devDependencies_husky: '^8.0.3',
    npm_package_devDependencies_lint_staged: '^13.2.2',
    npm_package_devDependencies_nodemon: '^2.0.22',
    npm_package_devDependencies_prettier: '^2.8.8',
    npm_package_devDependencies_ts_node: '^10.9.1',
    npm_package_devDependencies_ts_node_dev: '^2.0.0',
    npm_package_devDependencies_typescript: '^5.1.3',
    npm_package_devDependencies__typescript_eslint_eslint_plugin: '^5.59.9',
    npm_package_devDependencies__types_cors: '^2.8.13',
    npm_package_devDependencies__types_express: '^4.17.17',
    npm_package_devDependencies__types_node: '^20.2.6',
    npm_package_license: 'ISC',
    npm_package_lint_staged_src______ts: 'yarn lint-prettier',
    npm_package_main: 'src/server.ts',
    npm_package_name: 'university-management-auth-service',
    npm_package_scripts_lint_check: 'eslint --ignore-path .eslintignore --ext .js,.ts .',
    npm_package_scripts_lint_fix: 'eslint . --fix',
    npm_package_scripts_lint_prettier: 'yarn lint:check && yarn prettier:check',
    npm_package_scripts_prettier_check: 'prettier --ignore-path .gitignore --write "**/*.+(js|ts|json)"',
    npm_package_scripts_prettier_fix: 'prettier --write .',
    npm_package_scripts_start: 'ts-node-dev --respawn --transpile-only src/server.ts',
    npm_package_scripts_test: 'echo "Error: no test specified" && exit 1',
    npm_package_version: '1.0.0',
    NUMBER_OF_PROCESSORS: '12',
    NVM_HOME: 'C:\\Users\\Shahrear Mahmud\\AppData\\Roaming\\nvm',
    NVM_SYMLINK: 'C:\\Program Files\\nodejs',
    OneDrive: 'C:\\Users\\Shahrear Mahmud\\OneDrive',
    ORIGINAL_XDG_CURRENT_DESKTOP: 'undefined',
    OS: 'Windows_NT',
    Path: 'C:\\Users\\SHAHRE~1\\AppData\\Local\\Temp\\yarn--1686449661798-0.07653097725668956;D:\\Next_Level_Web 2.0\\university-management-auth-service\\node_modules\\.bin;C:\\Users\\Shahrear Mahmud\\AppData\\Local\\Yarn\\Data\\link\\node_modules\\.bin;C:\\Users\\Shahrear Mahmud\\AppData\\Local\\Yarn\\bin;C:\\Program Files\\libexec\\lib\\node_modules\\npm\\bin\\node-gyp-bin;C:\\Program Files\\lib\\node_modules\\npm\\bin\\node-gyp-bin;C:\\Program Files\\nodejs\\node_modules\\npm\\bin\\node-gyp-bin;C:\\Program Files\\Common Files\\Oracle\\Java\\javapath;C:\\Program Files\\Eclipse Adoptium\\jdk-11.0.16.101-hotspot\\bin;C:\\Windows\\system32;C:\\Windows;C:\\Windows\\System32\\Wbem;C:\\Windows\\System32\\WindowsPowerShell\\v1.0\\;C:\\Windows\\System32\\OpenSSH\\;C:\\Program Files\\Git\\cmd;C:\\Program Files (x86)\\NVIDIA Corporation\\PhysX\\Common;C:\\Program Files\\NVIDIA Corporation\\NVIDIA NvDLISR;C:\\ProgramData\\chocolatey\\bin;C:\\WINDOWS\\system32;C:\\WINDOWS;C:\\WINDOWS\\System32\\Wbem;C:\\WINDOWS\\System32\\WindowsPowerShell\\v1.0\\;C:\\WINDOWS\\System32\\OpenSSH\\;C:\\Program Files\\Java\\jdk-19\\bin;C:\\Program Files\\Java\\jdk-19\\bin;C:\\Program Files\\Common Files\\Oracle\\Java\\javapath;%NVM_HOME%;%NVM_SYMLINK%;C:\\Users\\Shahrear Mahmud\\AppData\\Local\\Programs\\Python\\Python310\\Scripts\\;C:\\Users\\Shahrear Mahmud\\AppData\\Local\\Programs\\Python\\Python310\\;C:\\Users\\Shahrear Mahmud\\AppData\\Local\\Microsoft\\WindowsApps;C:\\Users\\Shahrear Mahmud\\AppData\\Local\\Programs\\Microsoft VS Code\\bin;C:\\Users\\Shahrear Mahmud\\AppData\\Roaming\\npm;C:\\Users\\Shahrear Mahmud\\AppData\\Roaming\\nvm;C:\\Program Files\\nodejs',
    PATHEXT: '.COM;.EXE;.BAT;.CMD;.VBS;.VBE;.JS;.JSE;.WSF;.WSH;.MSC;.CPL',
    PORT: '5000',
    PROCESSOR_ARCHITECTURE: 'AMD64',
    PROCESSOR_IDENTIFIER: 'AMD64 Family 25 Model 33 Stepping 2, AuthenticAMD',
    PROCESSOR_LEVEL: '25',
    PROCESSOR_REVISION: '2102',
    ProgramData: 'C:\\ProgramData',
    ProgramFiles: 'C:\\Program Files',
    'ProgramFiles(x86)': 'C:\\Program Files (x86)',
    ProgramW6432: 'C:\\Program Files',
    PROMPT: '$P$G',
    PSModulePath: 'C:\\Users\\Shahrear Mahmud\\Documents\\WindowsPowerShell\\Modules;C:\\Program Files\\WindowsPowerShell\\Modules;C:\\WINDOWS\\system32\\WindowsPowerShell\\v1.0\\Modules',
    PT8HOME: 'E:\\Cisco Packet Tracer 8.2.0',
    PUBLIC: 'C:\\Users\\Public',
    SESSIONNAME: 'Console',
    SystemDrive: 'C:',
    SystemRoot: 'C:\\WINDOWS',
    TEMP: 'C:\\Users\\SHAHRE~1\\AppData\\Local\\Temp',
    TERM_PROGRAM: 'vscode',
    TERM_PROGRAM_VERSION: '1.79.0',
    TMP: 'C:\\Users\\SHAHRE~1\\AppData\\Local\\Temp',
    TS_NODE_DEV: 'true',
    USERDOMAIN: 'SHAHREAR-MAHMUD',
    USERDOMAIN_ROAMINGPROFILE: 'SHAHREAR-MAHMUD',
    USERNAME: 'Shahrear Mahmud',
    USERPROFILE: 'C:\\Users\\Shahrear Mahmud',
    VSCODE_GIT_ASKPASS_EXTRA_ARGS: '--ms-enable-electron-run-as-node',
    VSCODE_GIT_ASKPASS_MAIN: 'c:\\Users\\Shahrear Mahmud\\AppData\\Local\\Programs\\Microsoft VS Code\\resources\\app\\extensions\\git\\dist\\askpass-main.js',
    VSCODE_GIT_ASKPASS_NODE: 'C:\\Users\\Shahrear Mahmud\\AppData\\Local\\Programs\\Microsoft VS Code\\Code.exe',
    VSCODE_GIT_IPC_HANDLE: '\\\\.\\pipe\\vscode-git-04ba315e50-sock',
    VSCODE_INJECTION: '1',
    windir: 'C:\\WINDOWS',
    YARN_WRAP_OUTPUT: 'false'
  },
  level: 'info',
  service: 'user-service',
  label: 'PH',
  timestamp: '2023-06-11T02:21:15.690Z'
}
{
  message: 'Database Connected Successfully ',
  level: 'info',
  service: 'user-service',
  label: 'PH',
  timestamp: '2023-06-11T02:21:16.962Z'
}
{
  message: 'Application listening on port 5000',
  level: 'info',
  service: 'user-service',
  label: 'PH',
  timestamp: '2023-06-11T02:21:16.966Z'
}
{
  message: {
    ALLUSERSPROFILE: 'C:\\ProgramData',
    ANDROID_HOME: 'D:\\ANDROID',
    ANDROID_PITOOLS: 'D:\\ANDROID_PITOOLS',
    ANDROIID_TOOLS: 'D:\\ANDROIID_TOOLS',
    APPDATA: 'C:\\Users\\Shahrear Mahmud\\AppData\\Roaming',
    ChocolateyInstall: 'C:\\ProgramData\\chocolatey',
    ChocolateyLastPathUpdate: '133095342934707808',
    CHROME_CRASHPAD_PIPE_NAME: '\\\\.\\pipe\\LOCAL\\crashpad_8372_WUGBBYQSWCZSBZXC',
    COLORTERM: 'truecolor',
    CommonProgramFiles: 'C:\\Program Files\\Common Files',
    'CommonProgramFiles(x86)': 'C:\\Program Files (x86)\\Common Files',
    CommonProgramW6432: 'C:\\Program Files\\Common Files',
    COMPUTERNAME: 'SHAHREAR-MAHMUD',
    ComSpec: 'C:\\WINDOWS\\system32\\cmd.exe',
    DATABASE_URL: 'mongodb+srv://university-admin:Voh6DbNdOeTiYaiG@cluster0.p0ues8q.mongodb.net/university-management?retryWrites=true&w=majority',
    DEFAULT_USER_PASS: 'university123!@',
    DriverData: 'C:\\Windows\\System32\\Drivers\\DriverData',
    EFC_6564: '1',
    GIT_ASKPASS: 'c:\\Users\\Shahrear Mahmud\\AppData\\Local\\Programs\\Microsoft VS Code\\resources\\app\\extensions\\git\\dist\\askpass.sh',
    HOMEDRIVE: 'C:',
    HOMEPATH: '\\Users\\Shahrear Mahmud',
    INIT_CWD: 'D:\\Next_Level_Web 2.0\\university-management-auth-service',
    JAVA_HOME: 'C:\\Program Files\\Java\\jdk-19',
    LANG: 'en_US.UTF-8',
    LOCALAPPDATA: 'C:\\Users\\Shahrear Mahmud\\AppData\\Local',
    LOGONSERVER: '\\\\SHAHREAR-MAHMUD',
    NODE: 'C:\\Program Files\\nodejs\\node.exe',
    NODE_ENV: 'production',
    npm_config_argv: '{"remain":[],"cooked":["run","start"],"original":["start"]}',
    npm_config_bin_links: 'true',
    npm_config_ignore_optional: '',
    npm_config_ignore_scripts: '',
    npm_config_init_license: 'MIT',
    npm_config_init_version: '1.0.0',
    npm_config_registry: 'https://registry.yarnpkg.com',
    npm_config_save_prefix: '^',
    npm_config_strict_ssl: 'true',
    npm_config_user_agent: 'yarn/1.22.19 npm/? node/v19.8.1 win32 x64',
    npm_config_version_commit_hooks: 'true',
    npm_config_version_git_message: 'v%s',
    npm_config_version_git_sign: '',
    npm_config_version_git_tag: 'true',
    npm_config_version_tag_prefix: 'v',
    npm_execpath: 'C:\\Users\\Shahrear Mahmud\\AppData\\Roaming\\nvm\\v19.8.1\\node_modules\\yarn\\bin\\yarn.js',
    npm_lifecycle_event: 'start',
    npm_lifecycle_script: 'ts-node-dev --respawn --transpile-only src/server.ts',
    npm_node_execpath: 'C:\\Program Files\\nodejs\\node.exe',
    npm_package_author_name: 'Shahrear Mahmud',
    npm_package_dependencies_cors: '^2.8.5',
    npm_package_dependencies_dotenv: '^16.1.4',
    npm_package_dependencies_eslint: '^8.42.0',
    npm_package_dependencies_express: '^4.18.2',
    npm_package_dependencies_mongoose: '^7.2.3',
    npm_package_dependencies_winston: '^3.9.0',
    npm_package_dependencies_winston_daily_rotate_file: '^4.7.1',
    npm_package_dependencies__typescript_eslint_parser: '^5.59.9',
    npm_package_description: '',
    npm_package_devDependencies_eslint_config_prettier: '^8.8.0',
    npm_package_devDependencies_husky: '^8.0.3',
    npm_package_devDependencies_lint_staged: '^13.2.2',
    npm_package_devDependencies_nodemon: '^2.0.22',
    npm_package_devDependencies_prettier: '^2.8.8',
    npm_package_devDependencies_ts_node: '^10.9.1',
    npm_package_devDependencies_ts_node_dev: '^2.0.0',
    npm_package_devDependencies_typescript: '^5.1.3',
    npm_package_devDependencies__typescript_eslint_eslint_plugin: '^5.59.9',
    npm_package_devDependencies__types_cors: '^2.8.13',
    npm_package_devDependencies__types_express: '^4.17.17',
    npm_package_devDependencies__types_node: '^20.2.6',
    npm_package_license: 'ISC',
    npm_package_lint_staged_src______ts: 'yarn lint-prettier',
    npm_package_main: 'src/server.ts',
    npm_package_name: 'university-management-auth-service',
    npm_package_scripts_lint_check: 'eslint --ignore-path .eslintignore --ext .js,.ts .',
    npm_package_scripts_lint_fix: 'eslint . --fix',
    npm_package_scripts_lint_prettier: 'yarn lint:check && yarn prettier:check',
    npm_package_scripts_prettier_check: 'prettier --ignore-path .gitignore --write "**/*.+(js|ts|json)"',
    npm_package_scripts_prettier_fix: 'prettier --write .',
    npm_package_scripts_start: 'ts-node-dev --respawn --transpile-only src/server.ts',
    npm_package_scripts_test: 'echo "Error: no test specified" && exit 1',
    npm_package_version: '1.0.0',
    NUMBER_OF_PROCESSORS: '12',
    NVM_HOME: 'C:\\Users\\Shahrear Mahmud\\AppData\\Roaming\\nvm',
    NVM_SYMLINK: 'C:\\Program Files\\nodejs',
    OneDrive: 'C:\\Users\\Shahrear Mahmud\\OneDrive',
    ORIGINAL_XDG_CURRENT_DESKTOP: 'undefined',
    OS: 'Windows_NT',
    Path: 'C:\\Users\\SHAHRE~1\\AppData\\Local\\Temp\\yarn--1686449661798-0.07653097725668956;D:\\Next_Level_Web 2.0\\university-management-auth-service\\node_modules\\.bin;C:\\Users\\Shahrear Mahmud\\AppData\\Local\\Yarn\\Data\\link\\node_modules\\.bin;C:\\Users\\Shahrear Mahmud\\AppData\\Local\\Yarn\\bin;C:\\Program Files\\libexec\\lib\\node_modules\\npm\\bin\\node-gyp-bin;C:\\Program Files\\lib\\node_modules\\npm\\bin\\node-gyp-bin;C:\\Program Files\\nodejs\\node_modules\\npm\\bin\\node-gyp-bin;C:\\Program Files\\Common Files\\Oracle\\Java\\javapath;C:\\Program Files\\Eclipse Adoptium\\jdk-11.0.16.101-hotspot\\bin;C:\\Windows\\system32;C:\\Windows;C:\\Windows\\System32\\Wbem;C:\\Windows\\System32\\WindowsPowerShell\\v1.0\\;C:\\Windows\\System32\\OpenSSH\\;C:\\Program Files\\Git\\cmd;C:\\Program Files (x86)\\NVIDIA Corporation\\PhysX\\Common;C:\\Program Files\\NVIDIA Corporation\\NVIDIA NvDLISR;C:\\ProgramData\\chocolatey\\bin;C:\\WINDOWS\\system32;C:\\WINDOWS;C:\\WINDOWS\\System32\\Wbem;C:\\WINDOWS\\System32\\WindowsPowerShell\\v1.0\\;C:\\WINDOWS\\System32\\OpenSSH\\;C:\\Program Files\\Java\\jdk-19\\bin;C:\\Program Files\\Java\\jdk-19\\bin;C:\\Program Files\\Common Files\\Oracle\\Java\\javapath;%NVM_HOME%;%NVM_SYMLINK%;C:\\Users\\Shahrear Mahmud\\AppData\\Local\\Programs\\Python\\Python310\\Scripts\\;C:\\Users\\Shahrear Mahmud\\AppData\\Local\\Programs\\Python\\Python310\\;C:\\Users\\Shahrear Mahmud\\AppData\\Local\\Microsoft\\WindowsApps;C:\\Users\\Shahrear Mahmud\\AppData\\Local\\Programs\\Microsoft VS Code\\bin;C:\\Users\\Shahrear Mahmud\\AppData\\Roaming\\npm;C:\\Users\\Shahrear Mahmud\\AppData\\Roaming\\nvm;C:\\Program Files\\nodejs',
    PATHEXT: '.COM;.EXE;.BAT;.CMD;.VBS;.VBE;.JS;.JSE;.WSF;.WSH;.MSC;.CPL',
    PORT: '5000',
    PROCESSOR_ARCHITECTURE: 'AMD64',
    PROCESSOR_IDENTIFIER: 'AMD64 Family 25 Model 33 Stepping 2, AuthenticAMD',
    PROCESSOR_LEVEL: '25',
    PROCESSOR_REVISION: '2102',
    ProgramData: 'C:\\ProgramData',
    ProgramFiles: 'C:\\Program Files',
    'ProgramFiles(x86)': 'C:\\Program Files (x86)',
    ProgramW6432: 'C:\\Program Files',
    PROMPT: '$P$G',
    PSModulePath: 'C:\\Users\\Shahrear Mahmud\\Documents\\WindowsPowerShell\\Modules;C:\\Program Files\\WindowsPowerShell\\Modules;C:\\WINDOWS\\system32\\WindowsPowerShell\\v1.0\\Modules',
    PT8HOME: 'E:\\Cisco Packet Tracer 8.2.0',
    PUBLIC: 'C:\\Users\\Public',
    SESSIONNAME: 'Console',
    SystemDrive: 'C:',
    SystemRoot: 'C:\\WINDOWS',
    TEMP: 'C:\\Users\\SHAHRE~1\\AppData\\Local\\Temp',
    TERM_PROGRAM: 'vscode',
    TERM_PROGRAM_VERSION: '1.79.0',
    TMP: 'C:\\Users\\SHAHRE~1\\AppData\\Local\\Temp',
    TS_NODE_DEV: 'true',
    USERDOMAIN: 'SHAHREAR-MAHMUD',
    USERDOMAIN_ROAMINGPROFILE: 'SHAHREAR-MAHMUD',
    USERNAME: 'Shahrear Mahmud',
    USERPROFILE: 'C:\\Users\\Shahrear Mahmud',
    VSCODE_GIT_ASKPASS_EXTRA_ARGS: '--ms-enable-electron-run-as-node',
    VSCODE_GIT_ASKPASS_MAIN: 'c:\\Users\\Shahrear Mahmud\\AppData\\Local\\Programs\\Microsoft VS Code\\resources\\app\\extensions\\git\\dist\\askpass-main.js',
    VSCODE_GIT_ASKPASS_NODE: 'C:\\Users\\Shahrear Mahmud\\AppData\\Local\\Programs\\Microsoft VS Code\\Code.exe',
    VSCODE_GIT_IPC_HANDLE: '\\\\.\\pipe\\vscode-git-04ba315e50-sock',
    VSCODE_INJECTION: '1',
    windir: 'C:\\WINDOWS',
    YARN_WRAP_OUTPUT: 'false'
  },
  level: 'info',
  service: 'user-service',
  label: 'PH',
  timestamp: '2023-06-11T02:25:35.802Z'
}
{
  message: 'Database Connected Successfully ',
  level: 'info',
  service: 'user-service',
  label: 'PH',
  timestamp: '2023-06-11T02:25:37.868Z'
}
{
  message: 'Application listening on port 5000',
  level: 'info',
  service: 'user-service',
  label: 'PH',
  timestamp: '2023-06-11T02:25:37.873Z'
}
{
  message: {
    ALLUSERSPROFILE: 'C:\\ProgramData',
    ANDROID_HOME: 'D:\\ANDROID',
    ANDROID_PITOOLS: 'D:\\ANDROID_PITOOLS',
    ANDROIID_TOOLS: 'D:\\ANDROIID_TOOLS',
    APPDATA: 'C:\\Users\\Shahrear Mahmud\\AppData\\Roaming',
    ChocolateyInstall: 'C:\\ProgramData\\chocolatey',
    ChocolateyLastPathUpdate: '133095342934707808',
    CHROME_CRASHPAD_PIPE_NAME: '\\\\.\\pipe\\LOCAL\\crashpad_8372_WUGBBYQSWCZSBZXC',
    COLORTERM: 'truecolor',
    CommonProgramFiles: 'C:\\Program Files\\Common Files',
    'CommonProgramFiles(x86)': 'C:\\Program Files (x86)\\Common Files',
    CommonProgramW6432: 'C:\\Program Files\\Common Files',
    COMPUTERNAME: 'SHAHREAR-MAHMUD',
    ComSpec: 'C:\\WINDOWS\\system32\\cmd.exe',
    DATABASE_URL: 'mongodb+srv://university-admin:Voh6DbNdOeTiYaiG@cluster0.p0ues8q.mongodb.net/university-management?retryWrites=true&w=majority',
    DEFAULT_USER_PASS: 'university123!@',
    DriverData: 'C:\\Windows\\System32\\Drivers\\DriverData',
    EFC_6564: '1',
    GIT_ASKPASS: 'c:\\Users\\Shahrear Mahmud\\AppData\\Local\\Programs\\Microsoft VS Code\\resources\\app\\extensions\\git\\dist\\askpass.sh',
    HOMEDRIVE: 'C:',
    HOMEPATH: '\\Users\\Shahrear Mahmud',
    INIT_CWD: 'D:\\Next_Level_Web 2.0\\university-management-auth-service',
    JAVA_HOME: 'C:\\Program Files\\Java\\jdk-19',
    LANG: 'en_US.UTF-8',
    LOCALAPPDATA: 'C:\\Users\\Shahrear Mahmud\\AppData\\Local',
    LOGONSERVER: '\\\\SHAHREAR-MAHMUD',
    NODE: 'C:\\Program Files\\nodejs\\node.exe',
    NODE_ENV: 'production',
    npm_config_argv: '{"remain":[],"cooked":["run","start"],"original":["start"]}',
    npm_config_bin_links: 'true',
    npm_config_ignore_optional: '',
    npm_config_ignore_scripts: '',
    npm_config_init_license: 'MIT',
    npm_config_init_version: '1.0.0',
    npm_config_registry: 'https://registry.yarnpkg.com',
    npm_config_save_prefix: '^',
    npm_config_strict_ssl: 'true',
    npm_config_user_agent: 'yarn/1.22.19 npm/? node/v19.8.1 win32 x64',
    npm_config_version_commit_hooks: 'true',
    npm_config_version_git_message: 'v%s',
    npm_config_version_git_sign: '',
    npm_config_version_git_tag: 'true',
    npm_config_version_tag_prefix: 'v',
    npm_execpath: 'C:\\Users\\Shahrear Mahmud\\AppData\\Roaming\\nvm\\v19.8.1\\node_modules\\yarn\\bin\\yarn.js',
    npm_lifecycle_event: 'start',
    npm_lifecycle_script: 'ts-node-dev --respawn --transpile-only src/server.ts',
    npm_node_execpath: 'C:\\Program Files\\nodejs\\node.exe',
    npm_package_author_name: 'Shahrear Mahmud',
    npm_package_dependencies_cors: '^2.8.5',
    npm_package_dependencies_dotenv: '^16.1.4',
    npm_package_dependencies_eslint: '^8.42.0',
    npm_package_dependencies_express: '^4.18.2',
    npm_package_dependencies_mongoose: '^7.2.3',
    npm_package_dependencies_winston: '^3.9.0',
    npm_package_dependencies_winston_daily_rotate_file: '^4.7.1',
    npm_package_dependencies__typescript_eslint_parser: '^5.59.9',
    npm_package_description: '',
    npm_package_devDependencies_eslint_config_prettier: '^8.8.0',
    npm_package_devDependencies_husky: '^8.0.3',
    npm_package_devDependencies_lint_staged: '^13.2.2',
    npm_package_devDependencies_nodemon: '^2.0.22',
    npm_package_devDependencies_prettier: '^2.8.8',
    npm_package_devDependencies_ts_node: '^10.9.1',
    npm_package_devDependencies_ts_node_dev: '^2.0.0',
    npm_package_devDependencies_typescript: '^5.1.3',
    npm_package_devDependencies__typescript_eslint_eslint_plugin: '^5.59.9',
    npm_package_devDependencies__types_cors: '^2.8.13',
    npm_package_devDependencies__types_express: '^4.17.17',
    npm_package_devDependencies__types_node: '^20.2.6',
    npm_package_license: 'ISC',
    npm_package_lint_staged_src______ts: 'yarn lint-prettier',
    npm_package_main: 'src/server.ts',
    npm_package_name: 'university-management-auth-service',
    npm_package_scripts_lint_check: 'eslint --ignore-path .eslintignore --ext .js,.ts .',
    npm_package_scripts_lint_fix: 'eslint . --fix',
    npm_package_scripts_lint_prettier: 'yarn lint:check && yarn prettier:check',
    npm_package_scripts_prettier_check: 'prettier --ignore-path .gitignore --write "**/*.+(js|ts|json)"',
    npm_package_scripts_prettier_fix: 'prettier --write .',
    npm_package_scripts_start: 'ts-node-dev --respawn --transpile-only src/server.ts',
    npm_package_scripts_test: 'echo "Error: no test specified" && exit 1',
    npm_package_version: '1.0.0',
    NUMBER_OF_PROCESSORS: '12',
    NVM_HOME: 'C:\\Users\\Shahrear Mahmud\\AppData\\Roaming\\nvm',
    NVM_SYMLINK: 'C:\\Program Files\\nodejs',
    OneDrive: 'C:\\Users\\Shahrear Mahmud\\OneDrive',
    ORIGINAL_XDG_CURRENT_DESKTOP: 'undefined',
    OS: 'Windows_NT',
    Path: 'C:\\Users\\SHAHRE~1\\AppData\\Local\\Temp\\yarn--1686449661798-0.07653097725668956;D:\\Next_Level_Web 2.0\\university-management-auth-service\\node_modules\\.bin;C:\\Users\\Shahrear Mahmud\\AppData\\Local\\Yarn\\Data\\link\\node_modules\\.bin;C:\\Users\\Shahrear Mahmud\\AppData\\Local\\Yarn\\bin;C:\\Program Files\\libexec\\lib\\node_modules\\npm\\bin\\node-gyp-bin;C:\\Program Files\\lib\\node_modules\\npm\\bin\\node-gyp-bin;C:\\Program Files\\nodejs\\node_modules\\npm\\bin\\node-gyp-bin;C:\\Program Files\\Common Files\\Oracle\\Java\\javapath;C:\\Program Files\\Eclipse Adoptium\\jdk-11.0.16.101-hotspot\\bin;C:\\Windows\\system32;C:\\Windows;C:\\Windows\\System32\\Wbem;C:\\Windows\\System32\\WindowsPowerShell\\v1.0\\;C:\\Windows\\System32\\OpenSSH\\;C:\\Program Files\\Git\\cmd;C:\\Program Files (x86)\\NVIDIA Corporation\\PhysX\\Common;C:\\Program Files\\NVIDIA Corporation\\NVIDIA NvDLISR;C:\\ProgramData\\chocolatey\\bin;C:\\WINDOWS\\system32;C:\\WINDOWS;C:\\WINDOWS\\System32\\Wbem;C:\\WINDOWS\\System32\\WindowsPowerShell\\v1.0\\;C:\\WINDOWS\\System32\\OpenSSH\\;C:\\Program Files\\Java\\jdk-19\\bin;C:\\Program Files\\Java\\jdk-19\\bin;C:\\Program Files\\Common Files\\Oracle\\Java\\javapath;%NVM_HOME%;%NVM_SYMLINK%;C:\\Users\\Shahrear Mahmud\\AppData\\Local\\Programs\\Python\\Python310\\Scripts\\;C:\\Users\\Shahrear Mahmud\\AppData\\Local\\Programs\\Python\\Python310\\;C:\\Users\\Shahrear Mahmud\\AppData\\Local\\Microsoft\\WindowsApps;C:\\Users\\Shahrear Mahmud\\AppData\\Local\\Programs\\Microsoft VS Code\\bin;C:\\Users\\Shahrear Mahmud\\AppData\\Roaming\\npm;C:\\Users\\Shahrear Mahmud\\AppData\\Roaming\\nvm;C:\\Program Files\\nodejs',
    PATHEXT: '.COM;.EXE;.BAT;.CMD;.VBS;.VBE;.JS;.JSE;.WSF;.WSH;.MSC;.CPL',
    PORT: '5000',
    PROCESSOR_ARCHITECTURE: 'AMD64',
    PROCESSOR_IDENTIFIER: 'AMD64 Family 25 Model 33 Stepping 2, AuthenticAMD',
    PROCESSOR_LEVEL: '25',
    PROCESSOR_REVISION: '2102',
    ProgramData: 'C:\\ProgramData',
    ProgramFiles: 'C:\\Program Files',
    'ProgramFiles(x86)': 'C:\\Program Files (x86)',
    ProgramW6432: 'C:\\Program Files',
    PROMPT: '$P$G',
    PSModulePath: 'C:\\Users\\Shahrear Mahmud\\Documents\\WindowsPowerShell\\Modules;C:\\Program Files\\WindowsPowerShell\\Modules;C:\\WINDOWS\\system32\\WindowsPowerShell\\v1.0\\Modules',
    PT8HOME: 'E:\\Cisco Packet Tracer 8.2.0',
    PUBLIC: 'C:\\Users\\Public',
    SESSIONNAME: 'Console',
    SystemDrive: 'C:',
    SystemRoot: 'C:\\WINDOWS',
    TEMP: 'C:\\Users\\SHAHRE~1\\AppData\\Local\\Temp',
    TERM_PROGRAM: 'vscode',
    TERM_PROGRAM_VERSION: '1.79.0',
    TMP: 'C:\\Users\\SHAHRE~1\\AppData\\Local\\Temp',
    TS_NODE_DEV: 'true',
    USERDOMAIN: 'SHAHREAR-MAHMUD',
    USERDOMAIN_ROAMINGPROFILE: 'SHAHREAR-MAHMUD',
    USERNAME: 'Shahrear Mahmud',
    USERPROFILE: 'C:\\Users\\Shahrear Mahmud',
    VSCODE_GIT_ASKPASS_EXTRA_ARGS: '--ms-enable-electron-run-as-node',
    VSCODE_GIT_ASKPASS_MAIN: 'c:\\Users\\Shahrear Mahmud\\AppData\\Local\\Programs\\Microsoft VS Code\\resources\\app\\extensions\\git\\dist\\askpass-main.js',
    VSCODE_GIT_ASKPASS_NODE: 'C:\\Users\\Shahrear Mahmud\\AppData\\Local\\Programs\\Microsoft VS Code\\Code.exe',
    VSCODE_GIT_IPC_HANDLE: '\\\\.\\pipe\\vscode-git-04ba315e50-sock',
    VSCODE_INJECTION: '1',
    windir: 'C:\\WINDOWS',
    YARN_WRAP_OUTPUT: 'false'
  },
  level: 'info',
  service: 'user-service',
  label: 'PH',
  timestamp: '2023-06-11T02:26:14.957Z'
}
{
  message: 'Database Connected Successfully ',
  level: 'info',
  service: 'user-service',
  label: 'PH',
  timestamp: '2023-06-11T02:26:16.678Z'
}
{
  message: 'Application listening on port 5000',
  level: 'info',
  service: 'user-service',
  label: 'PH',
  timestamp: '2023-06-11T02:26:16.682Z'
}
{
  message: {
    ALLUSERSPROFILE: 'C:\\ProgramData',
    ANDROID_HOME: 'D:\\ANDROID',
    ANDROID_PITOOLS: 'D:\\ANDROID_PITOOLS',
    ANDROIID_TOOLS: 'D:\\ANDROIID_TOOLS',
    APPDATA: 'C:\\Users\\Shahrear Mahmud\\AppData\\Roaming',
    ChocolateyInstall: 'C:\\ProgramData\\chocolatey',
    ChocolateyLastPathUpdate: '133095342934707808',
    CHROME_CRASHPAD_PIPE_NAME: '\\\\.\\pipe\\LOCAL\\crashpad_8372_WUGBBYQSWCZSBZXC',
    COLORTERM: 'truecolor',
    CommonProgramFiles: 'C:\\Program Files\\Common Files',
    'CommonProgramFiles(x86)': 'C:\\Program Files (x86)\\Common Files',
    CommonProgramW6432: 'C:\\Program Files\\Common Files',
    COMPUTERNAME: 'SHAHREAR-MAHMUD',
    ComSpec: 'C:\\WINDOWS\\system32\\cmd.exe',
    DATABASE_URL: 'mongodb+srv://university-admin:Voh6DbNdOeTiYaiG@cluster0.p0ues8q.mongodb.net/university-management?retryWrites=true&w=majority',
    DEFAULT_USER_PASS: 'university123!@',
    DriverData: 'C:\\Windows\\System32\\Drivers\\DriverData',
    EFC_6564: '1',
    GIT_ASKPASS: 'c:\\Users\\Shahrear Mahmud\\AppData\\Local\\Programs\\Microsoft VS Code\\resources\\app\\extensions\\git\\dist\\askpass.sh',
    HOMEDRIVE: 'C:',
    HOMEPATH: '\\Users\\Shahrear Mahmud',
    INIT_CWD: 'D:\\Next_Level_Web 2.0\\university-management-auth-service',
    JAVA_HOME: 'C:\\Program Files\\Java\\jdk-19',
    LANG: 'en_US.UTF-8',
    LOCALAPPDATA: 'C:\\Users\\Shahrear Mahmud\\AppData\\Local',
    LOGONSERVER: '\\\\SHAHREAR-MAHMUD',
    NODE: 'C:\\Program Files\\nodejs\\node.exe',
    NODE_ENV: 'production',
    npm_config_argv: '{"remain":[],"cooked":["run","start"],"original":["start"]}',
    npm_config_bin_links: 'true',
    npm_config_ignore_optional: '',
    npm_config_ignore_scripts: '',
    npm_config_init_license: 'MIT',
    npm_config_init_version: '1.0.0',
    npm_config_registry: 'https://registry.yarnpkg.com',
    npm_config_save_prefix: '^',
    npm_config_strict_ssl: 'true',
    npm_config_user_agent: 'yarn/1.22.19 npm/? node/v19.8.1 win32 x64',
    npm_config_version_commit_hooks: 'true',
    npm_config_version_git_message: 'v%s',
    npm_config_version_git_sign: '',
    npm_config_version_git_tag: 'true',
    npm_config_version_tag_prefix: 'v',
    npm_execpath: 'C:\\Users\\Shahrear Mahmud\\AppData\\Roaming\\nvm\\v19.8.1\\node_modules\\yarn\\bin\\yarn.js',
    npm_lifecycle_event: 'start',
    npm_lifecycle_script: 'ts-node-dev --respawn --transpile-only src/server.ts',
    npm_node_execpath: 'C:\\Program Files\\nodejs\\node.exe',
    npm_package_author_name: 'Shahrear Mahmud',
    npm_package_dependencies_cors: '^2.8.5',
    npm_package_dependencies_dotenv: '^16.1.4',
    npm_package_dependencies_eslint: '^8.42.0',
    npm_package_dependencies_express: '^4.18.2',
    npm_package_dependencies_mongoose: '^7.2.3',
    npm_package_dependencies_winston: '^3.9.0',
    npm_package_dependencies_winston_daily_rotate_file: '^4.7.1',
    npm_package_dependencies__typescript_eslint_parser: '^5.59.9',
    npm_package_description: '',
    npm_package_devDependencies_eslint_config_prettier: '^8.8.0',
    npm_package_devDependencies_husky: '^8.0.3',
    npm_package_devDependencies_lint_staged: '^13.2.2',
    npm_package_devDependencies_nodemon: '^2.0.22',
    npm_package_devDependencies_prettier: '^2.8.8',
    npm_package_devDependencies_ts_node: '^10.9.1',
    npm_package_devDependencies_ts_node_dev: '^2.0.0',
    npm_package_devDependencies_typescript: '^5.1.3',
    npm_package_devDependencies__typescript_eslint_eslint_plugin: '^5.59.9',
    npm_package_devDependencies__types_cors: '^2.8.13',
    npm_package_devDependencies__types_express: '^4.17.17',
    npm_package_devDependencies__types_node: '^20.2.6',
    npm_package_license: 'ISC',
    npm_package_lint_staged_src______ts: 'yarn lint-prettier',
    npm_package_main: 'src/server.ts',
    npm_package_name: 'university-management-auth-service',
    npm_package_scripts_lint_check: 'eslint --ignore-path .eslintignore --ext .js,.ts .',
    npm_package_scripts_lint_fix: 'eslint . --fix',
    npm_package_scripts_lint_prettier: 'yarn lint:check && yarn prettier:check',
    npm_package_scripts_prettier_check: 'prettier --ignore-path .gitignore --write "**/*.+(js|ts|json)"',
    npm_package_scripts_prettier_fix: 'prettier --write .',
    npm_package_scripts_start: 'ts-node-dev --respawn --transpile-only src/server.ts',
    npm_package_scripts_test: 'echo "Error: no test specified" && exit 1',
    npm_package_version: '1.0.0',
    NUMBER_OF_PROCESSORS: '12',
    NVM_HOME: 'C:\\Users\\Shahrear Mahmud\\AppData\\Roaming\\nvm',
    NVM_SYMLINK: 'C:\\Program Files\\nodejs',
    OneDrive: 'C:\\Users\\Shahrear Mahmud\\OneDrive',
    ORIGINAL_XDG_CURRENT_DESKTOP: 'undefined',
    OS: 'Windows_NT',
    Path: 'C:\\Users\\SHAHRE~1\\AppData\\Local\\Temp\\yarn--1686449661798-0.07653097725668956;D:\\Next_Level_Web 2.0\\university-management-auth-service\\node_modules\\.bin;C:\\Users\\Shahrear Mahmud\\AppData\\Local\\Yarn\\Data\\link\\node_modules\\.bin;C:\\Users\\Shahrear Mahmud\\AppData\\Local\\Yarn\\bin;C:\\Program Files\\libexec\\lib\\node_modules\\npm\\bin\\node-gyp-bin;C:\\Program Files\\lib\\node_modules\\npm\\bin\\node-gyp-bin;C:\\Program Files\\nodejs\\node_modules\\npm\\bin\\node-gyp-bin;C:\\Program Files\\Common Files\\Oracle\\Java\\javapath;C:\\Program Files\\Eclipse Adoptium\\jdk-11.0.16.101-hotspot\\bin;C:\\Windows\\system32;C:\\Windows;C:\\Windows\\System32\\Wbem;C:\\Windows\\System32\\WindowsPowerShell\\v1.0\\;C:\\Windows\\System32\\OpenSSH\\;C:\\Program Files\\Git\\cmd;C:\\Program Files (x86)\\NVIDIA Corporation\\PhysX\\Common;C:\\Program Files\\NVIDIA Corporation\\NVIDIA NvDLISR;C:\\ProgramData\\chocolatey\\bin;C:\\WINDOWS\\system32;C:\\WINDOWS;C:\\WINDOWS\\System32\\Wbem;C:\\WINDOWS\\System32\\WindowsPowerShell\\v1.0\\;C:\\WINDOWS\\System32\\OpenSSH\\;C:\\Program Files\\Java\\jdk-19\\bin;C:\\Program Files\\Java\\jdk-19\\bin;C:\\Program Files\\Common Files\\Oracle\\Java\\javapath;%NVM_HOME%;%NVM_SYMLINK%;C:\\Users\\Shahrear Mahmud\\AppData\\Local\\Programs\\Python\\Python310\\Scripts\\;C:\\Users\\Shahrear Mahmud\\AppData\\Local\\Programs\\Python\\Python310\\;C:\\Users\\Shahrear Mahmud\\AppData\\Local\\Microsoft\\WindowsApps;C:\\Users\\Shahrear Mahmud\\AppData\\Local\\Programs\\Microsoft VS Code\\bin;C:\\Users\\Shahrear Mahmud\\AppData\\Roaming\\npm;C:\\Users\\Shahrear Mahmud\\AppData\\Roaming\\nvm;C:\\Program Files\\nodejs',
    PATHEXT: '.COM;.EXE;.BAT;.CMD;.VBS;.VBE;.JS;.JSE;.WSF;.WSH;.MSC;.CPL',
    PORT: '5000',
    PROCESSOR_ARCHITECTURE: 'AMD64',
    PROCESSOR_IDENTIFIER: 'AMD64 Family 25 Model 33 Stepping 2, AuthenticAMD',
    PROCESSOR_LEVEL: '25',
    PROCESSOR_REVISION: '2102',
    ProgramData: 'C:\\ProgramData',
    ProgramFiles: 'C:\\Program Files',
    'ProgramFiles(x86)': 'C:\\Program Files (x86)',
    ProgramW6432: 'C:\\Program Files',
    PROMPT: '$P$G',
    PSModulePath: 'C:\\Users\\Shahrear Mahmud\\Documents\\WindowsPowerShell\\Modules;C:\\Program Files\\WindowsPowerShell\\Modules;C:\\WINDOWS\\system32\\WindowsPowerShell\\v1.0\\Modules',
    PT8HOME: 'E:\\Cisco Packet Tracer 8.2.0',
    PUBLIC: 'C:\\Users\\Public',
    SESSIONNAME: 'Console',
    SystemDrive: 'C:',
    SystemRoot: 'C:\\WINDOWS',
    TEMP: 'C:\\Users\\SHAHRE~1\\AppData\\Local\\Temp',
    TERM_PROGRAM: 'vscode',
    TERM_PROGRAM_VERSION: '1.79.0',
    TMP: 'C:\\Users\\SHAHRE~1\\AppData\\Local\\Temp',
    TS_NODE_DEV: 'true',
    USERDOMAIN: 'SHAHREAR-MAHMUD',
    USERDOMAIN_ROAMINGPROFILE: 'SHAHREAR-MAHMUD',
    USERNAME: 'Shahrear Mahmud',
    USERPROFILE: 'C:\\Users\\Shahrear Mahmud',
    VSCODE_GIT_ASKPASS_EXTRA_ARGS: '--ms-enable-electron-run-as-node',
    VSCODE_GIT_ASKPASS_MAIN: 'c:\\Users\\Shahrear Mahmud\\AppData\\Local\\Programs\\Microsoft VS Code\\resources\\app\\extensions\\git\\dist\\askpass-main.js',
    VSCODE_GIT_ASKPASS_NODE: 'C:\\Users\\Shahrear Mahmud\\AppData\\Local\\Programs\\Microsoft VS Code\\Code.exe',
    VSCODE_GIT_IPC_HANDLE: '\\\\.\\pipe\\vscode-git-04ba315e50-sock',
    VSCODE_INJECTION: '1',
    windir: 'C:\\WINDOWS',
    YARN_WRAP_OUTPUT: 'false'
  },
  level: 'info',
  service: 'user-service',
  label: 'PH',
  timestamp: '2023-06-11T02:26:23.806Z'
}
{
  message: 'Database Connected Successfully ',
  level: 'info',
  service: 'user-service',
  label: 'PH',
  timestamp: '2023-06-11T02:26:25.571Z'
}
{
  message: 'Application listening on port 5000',
  level: 'info',
  service: 'user-service',
  label: 'PH',
  timestamp: '2023-06-11T02:26:25.575Z'
}
