{
  message: 'Database Connected Successfully ',
  level: 'info',
  service: 'user-service',
  label: 'PH',
  timestamp: '2023-06-23T03:32:41.913Z'
}
{
  message: 'Application listening on port 5000',
  level: 'info',
  service: 'user-service',
  label: 'PH',
  timestamp: '2023-06-23T03:32:41.918Z'
}
{
  message: 'Database Connected Successfully ',
  level: 'info',
  service: 'user-service',
  label: 'PH',
  timestamp: '2023-06-23T03:34:58.614Z'
}
{
  message: 'Application listening on port 5000',
  level: 'info',
  service: 'user-service',
  label: 'PH',
  timestamp: '2023-06-23T03:34:58.619Z'
}
{
  message: 'Database Connected Successfully ',
  level: 'info',
  service: 'user-service',
  label: 'PH',
  timestamp: '2023-06-23T03:35:18.011Z'
}
{
  message: 'Application listening on port 5000',
  level: 'info',
  service: 'user-service',
  label: 'PH',
  timestamp: '2023-06-23T03:35:18.017Z'
}
{
  message: 'Database Connected Successfully ',
  level: 'info',
  service: 'user-service',
  label: 'PH',
  timestamp: '2023-06-23T03:35:25.119Z'
}
{
  message: 'Application listening on port 5000',
  level: 'info',
  service: 'user-service',
  label: 'PH',
  timestamp: '2023-06-23T03:35:25.124Z'
}
{
  message: 'Database Connected Successfully ',
  level: 'info',
  service: 'user-service',
  label: 'PH',
  timestamp: '2023-06-23T03:36:18.985Z'
}
{
  message: 'Application listening on port 5000',
  level: 'info',
  service: 'user-service',
  label: 'PH',
  timestamp: '2023-06-23T03:36:18.990Z'
}
{
  message: 'Database Connected Successfully ',
  level: 'info',
  service: 'user-service',
  label: 'PH',
  timestamp: '2023-06-23T03:44:23.031Z'
}
{
  message: 'Application listening on port 5000',
  level: 'info',
  service: 'user-service',
  label: 'PH',
  timestamp: '2023-06-23T03:44:23.037Z'
}
{
  message: 'Database Connected Successfully ',
  level: 'info',
  service: 'user-service',
  label: 'PH',
  timestamp: '2023-06-23T03:45:31.654Z'
}
{
  message: 'Application listening on port 5000',
  level: 'info',
  service: 'user-service',
  label: 'PH',
  timestamp: '2023-06-23T03:45:31.660Z'
}
{
  message: 'Database Connected Successfully ',
  level: 'info',
  service: 'user-service',
  label: 'PH',
  timestamp: '2023-06-23T03:46:00.218Z'
}
{
  message: 'Application listening on port 5000',
  level: 'info',
  service: 'user-service',
  label: 'PH',
  timestamp: '2023-06-23T03:46:00.224Z'
}
{
  message: 'Database Connected Successfully ',
  level: 'info',
  service: 'user-service',
  label: 'PH',
  timestamp: '2023-06-23T03:47:18.905Z'
}
{
  message: 'Application listening on port 5000',
  level: 'info',
  service: 'user-service',
  label: 'PH',
  timestamp: '2023-06-23T03:47:18.910Z'
}
{
  message: 'Database Connected Successfully ',
  level: 'info',
  service: 'user-service',
  label: 'PH',
  timestamp: '2023-06-23T03:48:40.545Z'
}
{
  message: 'Application listening on port 5000',
  level: 'info',
  service: 'user-service',
  label: 'PH',
  timestamp: '2023-06-23T03:48:40.551Z'
}
{
  message: 'Database Connected Successfully ',
  level: 'info',
  service: 'user-service',
  label: 'PH',
  timestamp: '2023-06-23T03:51:33.170Z'
}
{
  message: 'Application listening on port 5000',
  level: 'info',
  service: 'user-service',
  label: 'PH',
  timestamp: '2023-06-23T03:51:33.176Z'
}
{
  message: 'Database Connected Successfully ',
  level: 'info',
  service: 'user-service',
  label: 'PH',
  timestamp: '2023-06-23T03:52:49.206Z'
}
{
  message: 'Application listening on port 5000',
  level: 'info',
  service: 'user-service',
  label: 'PH',
  timestamp: '2023-06-23T03:52:49.211Z'
}
{
  message: 'Database Connected Successfully ',
  level: 'info',
  service: 'user-service',
  label: 'PH',
  timestamp: '2023-06-23T03:52:54.544Z'
}
{
  message: 'Application listening on port 5000',
  level: 'info',
  service: 'user-service',
  label: 'PH',
  timestamp: '2023-06-23T03:52:54.550Z'
}
{
  message: 'Database Connected Successfully ',
  level: 'info',
  service: 'user-service',
  label: 'PH',
  timestamp: '2023-06-23T03:53:30.418Z'
}
{
  message: 'Application listening on port 5000',
  level: 'info',
  service: 'user-service',
  label: 'PH',
  timestamp: '2023-06-23T03:53:30.424Z'
}
{
  message: 'Database Connected Successfully ',
  level: 'info',
  service: 'user-service',
  label: 'PH',
  timestamp: '2023-06-23T03:55:19.259Z'
}
{
  message: 'Application listening on port 5000',
  level: 'info',
  service: 'user-service',
  label: 'PH',
  timestamp: '2023-06-23T03:55:19.264Z'
}
{
  message: 'Database Connected Successfully ',
  level: 'info',
  service: 'user-service',
  label: 'PH',
  timestamp: '2023-06-23T03:55:30.739Z'
}
{
  message: 'Application listening on port 5000',
  level: 'info',
  service: 'user-service',
  label: 'PH',
  timestamp: '2023-06-23T03:55:30.744Z'
}
{
  message: 'Database Connected Successfully ',
  level: 'info',
  service: 'user-service',
  label: 'PH',
  timestamp: '2023-06-23T03:56:06.882Z'
}
{
  message: 'Application listening on port 5000',
  level: 'info',
  service: 'user-service',
  label: 'PH',
  timestamp: '2023-06-23T03:56:06.889Z'
}
