{
  message: 'Database Connected Successfully ',
  level: 'info',
  service: 'user-service',
  label: 'PH',
  timestamp: '2023-06-13T09:29:46.262Z'
}
{
  message: 'Application listening on port 5000',
  level: 'info',
  service: 'user-service',
  label: 'PH',
  timestamp: '2023-06-13T09:29:46.266Z'
}
{
  message: 'Database Connected Successfully ',
  level: 'info',
  service: 'user-service',
  label: 'PH',
  timestamp: '2023-06-13T09:30:50.476Z'
}
{
  message: 'Application listening on port 5000',
  level: 'info',
  service: 'user-service',
  label: 'PH',
  timestamp: '2023-06-13T09:30:50.481Z'
}
{
  message: 'Database Connected Successfully ',
  level: 'info',
  service: 'user-service',
  label: 'PH',
  timestamp: '2023-06-13T09:31:04.451Z'
}
{
  message: 'Application listening on port 5000',
  level: 'info',
  service: 'user-service',
  label: 'PH',
  timestamp: '2023-06-13T09:31:04.456Z'
}
{
  message: 'Database Connected Successfully ',
  level: 'info',
  service: 'user-service',
  label: 'PH',
  timestamp: '2023-06-13T09:31:20.805Z'
}
{
  message: 'Application listening on port 5000',
  level: 'info',
  service: 'user-service',
  label: 'PH',
  timestamp: '2023-06-13T09:31:20.810Z'
}
{
  message: 'Database Connected Successfully ',
  level: 'info',
  service: 'user-service',
  label: 'PH',
  timestamp: '2023-06-13T09:40:58.112Z'
}
{
  message: 'Application listening on port 5000',
  level: 'info',
  service: 'user-service',
  label: 'PH',
  timestamp: '2023-06-13T09:40:58.117Z'
}
