{
  message: 'Database Connected Successfully ',
  level: 'info',
  service: 'user-service',
  label: 'PH',
  timestamp: '2023-06-21T06:04:44.772Z'
}
{
  message: 'Application listening on port 5000',
  level: 'info',
  service: 'user-service',
  label: 'PH',
  timestamp: '2023-06-21T06:04:44.777Z'
}
{
  message: 'Database Connected Successfully ',
  level: 'info',
  service: 'user-service',
  label: 'PH',
  timestamp: '2023-06-21T06:10:10.701Z'
}
{
  message: 'Application listening on port 5000',
  level: 'info',
  service: 'user-service',
  label: 'PH',
  timestamp: '2023-06-21T06:10:10.706Z'
}
{
  message: 'Database Connected Successfully ',
  level: 'info',
  service: 'user-service',
  label: 'PH',
  timestamp: '2023-06-21T06:13:25.673Z'
}
{
  message: 'Application listening on port 5000',
  level: 'info',
  service: 'user-service',
  label: 'PH',
  timestamp: '2023-06-21T06:13:25.678Z'
}
{
  message: 'Database Connected Successfully ',
  level: 'info',
  service: 'user-service',
  label: 'PH',
  timestamp: '2023-06-21T06:16:52.757Z'
}
{
  message: 'Application listening on port 5000',
  level: 'info',
  service: 'user-service',
  label: 'PH',
  timestamp: '2023-06-21T06:16:52.762Z'
}
{
  message: 'Database Connected Successfully ',
  level: 'info',
  service: 'user-service',
  label: 'PH',
  timestamp: '2023-06-21T06:17:21.901Z'
}
{
  message: 'Application listening on port 5000',
  level: 'info',
  service: 'user-service',
  label: 'PH',
  timestamp: '2023-06-21T06:17:21.906Z'
}
{
  message: 'Database Connected Successfully ',
  level: 'info',
  service: 'user-service',
  label: 'PH',
  timestamp: '2023-06-21T06:18:52.788Z'
}
{
  message: 'Application listening on port 5000',
  level: 'info',
  service: 'user-service',
  label: 'PH',
  timestamp: '2023-06-21T06:18:52.793Z'
}
{
  message: 'Database Connected Successfully ',
  level: 'info',
  service: 'user-service',
  label: 'PH',
  timestamp: '2023-06-21T06:19:56.470Z'
}
{
  message: 'Application listening on port 5000',
  level: 'info',
  service: 'user-service',
  label: 'PH',
  timestamp: '2023-06-21T06:19:56.475Z'
}
{
  message: 'Database Connected Successfully ',
  level: 'info',
  service: 'user-service',
  label: 'PH',
  timestamp: '2023-06-21T06:21:18.129Z'
}
{
  message: 'Application listening on port 5000',
  level: 'info',
  service: 'user-service',
  label: 'PH',
  timestamp: '2023-06-21T06:21:18.135Z'
}
{
  message: 'Database Connected Successfully ',
  level: 'info',
  service: 'user-service',
  label: 'PH',
  timestamp: '2023-06-21T06:25:34.974Z'
}
{
  message: 'Application listening on port 5000',
  level: 'info',
  service: 'user-service',
  label: 'PH',
  timestamp: '2023-06-21T06:25:34.979Z'
}
{
  message: 'Database Connected Successfully ',
  level: 'info',
  service: 'user-service',
  label: 'PH',
  timestamp: '2023-06-21T06:26:57.762Z'
}
{
  message: 'Application listening on port 5000',
  level: 'info',
  service: 'user-service',
  label: 'PH',
  timestamp: '2023-06-21T06:26:57.769Z'
}
{
  message: 'Database Connected Successfully ',
  level: 'info',
  service: 'user-service',
  label: 'PH',
  timestamp: '2023-06-21T06:28:30.470Z'
}
{
  message: 'Application listening on port 5000',
  level: 'info',
  service: 'user-service',
  label: 'PH',
  timestamp: '2023-06-21T06:28:30.476Z'
}
{
  message: 'Database Connected Successfully ',
  level: 'info',
  service: 'user-service',
  label: 'PH',
  timestamp: '2023-06-21T06:28:48.629Z'
}
{
  message: 'Application listening on port 5000',
  level: 'info',
  service: 'user-service',
  label: 'PH',
  timestamp: '2023-06-21T06:28:48.634Z'
}
{
  message: 'Database Connected Successfully ',
  level: 'info',
  service: 'user-service',
  label: 'PH',
  timestamp: '2023-06-21T06:30:23.645Z'
}
{
  message: 'Application listening on port 5000',
  level: 'info',
  service: 'user-service',
  label: 'PH',
  timestamp: '2023-06-21T06:30:23.651Z'
}
{
  message: 'Database Connected Successfully ',
  level: 'info',
  service: 'user-service',
  label: 'PH',
  timestamp: '2023-06-21T06:30:51.444Z'
}
{
  message: 'Application listening on port 5000',
  level: 'info',
  service: 'user-service',
  label: 'PH',
  timestamp: '2023-06-21T06:30:51.449Z'
}
{
  message: 'Database Connected Successfully ',
  level: 'info',
  service: 'user-service',
  label: 'PH',
  timestamp: '2023-06-21T06:31:42.115Z'
}
{
  message: 'Application listening on port 5000',
  level: 'info',
  service: 'user-service',
  label: 'PH',
  timestamp: '2023-06-21T06:31:42.120Z'
}
{
  message: 'Database Connected Successfully ',
  level: 'info',
  service: 'user-service',
  label: 'PH',
  timestamp: '2023-06-21T06:40:34.738Z'
}
{
  message: 'Application listening on port 5000',
  level: 'info',
  service: 'user-service',
  label: 'PH',
  timestamp: '2023-06-21T06:40:34.744Z'
}
{
  message: 'Database Connected Successfully ',
  level: 'info',
  service: 'user-service',
  label: 'PH',
  timestamp: '2023-06-21T06:44:11.299Z'
}
{
  message: 'Application listening on port 5000',
  level: 'info',
  service: 'user-service',
  label: 'PH',
  timestamp: '2023-06-21T06:44:11.305Z'
}
{
  message: 'Database Connected Successfully ',
  level: 'info',
  service: 'user-service',
  label: 'PH',
  timestamp: '2023-06-21T06:44:52.545Z'
}
{
  message: 'Application listening on port 5000',
  level: 'info',
  service: 'user-service',
  label: 'PH',
  timestamp: '2023-06-21T06:44:52.551Z'
}
{
  message: 'Database Connected Successfully ',
  level: 'info',
  service: 'user-service',
  label: 'PH',
  timestamp: '2023-06-21T06:53:34.490Z'
}
{
  message: 'Application listening on port 5000',
  level: 'info',
  service: 'user-service',
  label: 'PH',
  timestamp: '2023-06-21T06:53:34.495Z'
}
{
  message: 'Database Connected Successfully ',
  level: 'info',
  service: 'user-service',
  label: 'PH',
  timestamp: '2023-06-21T06:53:46.024Z'
}
{
  message: 'Application listening on port 5000',
  level: 'info',
  service: 'user-service',
  label: 'PH',
  timestamp: '2023-06-21T06:53:46.029Z'
}
{
  message: 'Database Connected Successfully ',
  level: 'info',
  service: 'user-service',
  label: 'PH',
  timestamp: '2023-06-21T06:55:35.576Z'
}
{
  message: 'Application listening on port 5000',
  level: 'info',
  service: 'user-service',
  label: 'PH',
  timestamp: '2023-06-21T06:55:35.581Z'
}
{
  message: 'Database Connected Successfully ',
  level: 'info',
  service: 'user-service',
  label: 'PH',
  timestamp: '2023-06-21T06:55:48.934Z'
}
{
  message: 'Application listening on port 5000',
  level: 'info',
  service: 'user-service',
  label: 'PH',
  timestamp: '2023-06-21T06:55:48.940Z'
}
