Wed Jun 14 2023 15:7:14} [PH] error: globalErrorHandler ~ [
  {
    "code": "invalid_type",
    "expected": "number",
    "received": "string",
    "path": [
      "body",
      "year"
    ],
    "message": "Expected number, received string"
  }
]
Wed Jun 14 2023 15:10:58} [PH] error: globalErrorHandler ~ [
  {
    "received": "05",
    "code": "invalid_enum_value",
    "options": [
      "01",
      "02",
      "03"
    ],
    "path": [
      "body",
      "code"
    ],
    "message": "Invalid enum value. Expected '01' | '02' | '03', received '05'"
  }
]
Wed Jun 14 2023 15:11:9} [PH] error: globalErrorHandler ~ [
  {
    "received": "",
    "code": "invalid_enum_value",
    "options": [
      "Autumn",
      "Summer",
      "Fall"
    ],
    "path": [
      "body",
      "title"
    ],
    "message": "Invalid enum value. Expected 'Autumn' | 'Summer' | 'Fall', received ''"
  }
]
Wed Jun 14 2023 15:39:27} [PH] error: globalErrorHandler ~ Academic semester is already exist !
